{"/home/geetesh/Geetesh/practice/passport/KVPassport/KVPassport/app.js": {"path":"/home/geetesh/Geetesh/practice/passport/KVPassport/KVPassport/app.js","statementMap":{"0":{"start":{"line":1,"column":16},"end":{"line":1,"column":34}},"1":{"start":{"line":2,"column":13},"end":{"line":2,"column":28}},"2":{"start":{"line":3,"column":19},"end":{"line":3,"column":41}},"3":{"start":{"line":4,"column":16},"end":{"line":4,"column":42}},"4":{"start":{"line":5,"column":13},"end":{"line":5,"column":28}},"5":{"start":{"line":6,"column":17},"end":{"line":6,"column":36}},"6":{"start":{"line":7,"column":21},"end":{"line":7,"column":44}},"7":{"start":{"line":11,"column":0},"end":{"line":11,"column":34}},"8":{"start":{"line":14,"column":21},"end":{"line":14,"column":58}},"9":{"start":{"line":17,"column":12},"end":{"line":17,"column":21}},"10":{"start":{"line":21,"column":0},"end":{"line":29,"column":2}},"11":{"start":{"line":30,"column":0},"end":{"line":30,"column":34}},"12":{"start":{"line":31,"column":0},"end":{"line":31,"column":52}},"13":{"start":{"line":32,"column":0},"end":{"line":32,"column":27}},"14":{"start":{"line":33,"column":0},"end":{"line":33,"column":56}},"15":{"start":{"line":34,"column":0},"end":{"line":34,"column":118}},"16":{"start":{"line":36,"column":0},"end":{"line":38,"column":1}},"17":{"start":{"line":37,"column":2},"end":{"line":37,"column":26}},"18":{"start":{"line":42,"column":0},"end":{"line":42,"column":51}},"19":{"start":{"line":43,"column":0},"end":{"line":43,"column":28}},"20":{"start":{"line":46,"column":0},"end":{"line":46,"column":26}},"21":{"start":{"line":47,"column":0},"end":{"line":47,"column":29}},"22":{"start":{"line":48,"column":0},"end":{"line":48,"column":29}},"23":{"start":{"line":75,"column":0},"end":{"line":75,"column":80}},"24":{"start":{"line":75,"column":23},"end":{"line":75,"column":78}}},"fnMap":{"0":{"name":"(anonymous_0)","decl":{"start":{"line":75,"column":17},"end":{"line":75,"column":18}},"loc":{"start":{"line":75,"column":23},"end":{"line":75,"column":78}},"line":75}},"branchMap":{"0":{"loc":{"start":{"line":36,"column":0},"end":{"line":38,"column":1}},"type":"if","locations":[{"start":{"line":36,"column":0},"end":{"line":38,"column":1}},{"start":{"line":36,"column":0},"end":{"line":38,"column":1}}],"line":36}},"s":{"0":1,"1":1,"2":1,"3":1,"4":1,"5":1,"6":1,"7":1,"8":1,"9":1,"10":1,"11":1,"12":1,"13":1,"14":1,"15":1,"16":1,"17":1,"18":1,"19":1,"20":1,"21":1,"22":1,"23":1,"24":0},"f":{"0":0},"b":{"0":[1,0]},"_coverageSchema":"43e27e138ebf9cfc5966b082cf9a028302ed4184","hash":"e7b94761aaf43561234f850dd8e05e903a85dcba"}
,"/home/geetesh/Geetesh/practice/passport/KVPassport/KVPassport/config/checkCache.js": {"path":"/home/geetesh/Geetesh/practice/passport/KVPassport/KVPassport/config/checkCache.js","statementMap":{"0":{"start":{"line":1,"column":15},"end":{"line":1,"column":44}},"1":{"start":{"line":2,"column":19},"end":{"line":2,"column":53}},"2":{"start":{"line":4,"column":19},"end":{"line":26,"column":1}},"3":{"start":{"line":5,"column":17},"end":{"line":5,"column":28}},"4":{"start":{"line":11,"column":2},"end":{"line":25,"column":5}},"5":{"start":{"line":12,"column":4},"end":{"line":15,"column":5}},"6":{"start":{"line":13,"column":6},"end":{"line":13,"column":23}},"7":{"start":{"line":14,"column":6},"end":{"line":14,"column":32}},"8":{"start":{"line":18,"column":18},"end":{"line":18,"column":34}},"9":{"start":{"line":19,"column":4},"end":{"line":24,"column":5}},"10":{"start":{"line":20,"column":6},"end":{"line":20,"column":38}},"11":{"start":{"line":23,"column":6},"end":{"line":23,"column":13}},"12":{"start":{"line":28,"column":0},"end":{"line":28,"column":28}}},"fnMap":{"0":{"name":"(anonymous_0)","decl":{"start":{"line":4,"column":19},"end":{"line":4,"column":20}},"loc":{"start":{"line":4,"column":39},"end":{"line":26,"column":1}},"line":4},"1":{"name":"(anonymous_1)","decl":{"start":{"line":11,"column":17},"end":{"line":11,"column":18}},"loc":{"start":{"line":11,"column":32},"end":{"line":25,"column":3}},"line":11}},"branchMap":{"0":{"loc":{"start":{"line":12,"column":4},"end":{"line":15,"column":5}},"type":"if","locations":[{"start":{"line":12,"column":4},"end":{"line":15,"column":5}},{"start":{"line":12,"column":4},"end":{"line":15,"column":5}}],"line":12},"1":{"loc":{"start":{"line":19,"column":4},"end":{"line":24,"column":5}},"type":"if","locations":[{"start":{"line":19,"column":4},"end":{"line":24,"column":5}},{"start":{"line":19,"column":4},"end":{"line":24,"column":5}}],"line":19}},"s":{"0":1,"1":1,"2":1,"3":0,"4":0,"5":0,"6":0,"7":0,"8":0,"9":0,"10":0,"11":0,"12":1},"f":{"0":0,"1":0},"b":{"0":[0,0],"1":[0,0]},"_coverageSchema":"43e27e138ebf9cfc5966b082cf9a028302ed4184","hash":"bae787bd834ba1c9aa33f5e2ef359a49b45f825b"}
,"/home/geetesh/Geetesh/practice/passport/KVPassport/KVPassport/config/createJson.js": {"path":"/home/geetesh/Geetesh/practice/passport/KVPassport/KVPassport/config/createJson.js","statementMap":{"0":{"start":{"line":1,"column":19},"end":{"line":9,"column":1}},"1":{"start":{"line":2,"column":11},"end":{"line":2,"column":13}},"2":{"start":{"line":3,"column":2},"end":{"line":7,"column":5}},"3":{"start":{"line":4,"column":4},"end":{"line":6,"column":5}},"4":{"start":{"line":5,"column":6},"end":{"line":5,"column":26}},"5":{"start":{"line":8,"column":2},"end":{"line":8,"column":14}},"6":{"start":{"line":11,"column":0},"end":{"line":11,"column":28}}},"fnMap":{"0":{"name":"(anonymous_0)","decl":{"start":{"line":1,"column":19},"end":{"line":1,"column":20}},"loc":{"start":{"line":1,"column":29},"end":{"line":9,"column":1}},"line":1},"1":{"name":"(anonymous_1)","decl":{"start":{"line":3,"column":28},"end":{"line":3,"column":29}},"loc":{"start":{"line":3,"column":42},"end":{"line":7,"column":3}},"line":3}},"branchMap":{"0":{"loc":{"start":{"line":4,"column":4},"end":{"line":6,"column":5}},"type":"if","locations":[{"start":{"line":4,"column":4},"end":{"line":6,"column":5}},{"start":{"line":4,"column":4},"end":{"line":6,"column":5}}],"line":4},"1":{"loc":{"start":{"line":4,"column":7},"end":{"line":4,"column":39}},"type":"binary-expr","locations":[{"start":{"line":4,"column":7},"end":{"line":4,"column":21}},{"start":{"line":4,"column":25},"end":{"line":4,"column":39}}],"line":4}},"s":{"0":1,"1":0,"2":0,"3":0,"4":0,"5":0,"6":1},"f":{"0":0,"1":0},"b":{"0":[0,0],"1":[0,0]},"_coverageSchema":"43e27e138ebf9cfc5966b082cf9a028302ed4184","hash":"c676b5733d7191e8ea1643038669e53e015fb910"}
,"/home/geetesh/Geetesh/practice/passport/KVPassport/KVPassport/config/passport.js": {"path":"/home/geetesh/Geetesh/practice/passport/KVPassport/KVPassport/config/passport.js","statementMap":{"0":{"start":{"line":1,"column":17},"end":{"line":1,"column":36}},"1":{"start":{"line":2,"column":17},"end":{"line":2,"column":36}},"2":{"start":{"line":3,"column":22},"end":{"line":3,"column":47}},"3":{"start":{"line":5,"column":14},"end":{"line":5,"column":37}},"4":{"start":{"line":7,"column":0},"end":{"line":19,"column":4}},"5":{"start":{"line":11,"column":2},"end":{"line":18,"column":19}},"6":{"start":{"line":13,"column":6},"end":{"line":15,"column":7}},"7":{"start":{"line":14,"column":8},"end":{"line":14,"column":84}},"8":{"start":{"line":17,"column":6},"end":{"line":17,"column":30}}},"fnMap":{"0":{"name":"(anonymous_0)","decl":{"start":{"line":10,"column":3},"end":{"line":10,"column":4}},"loc":{"start":{"line":10,"column":30},"end":{"line":19,"column":1}},"line":10},"1":{"name":"(anonymous_1)","decl":{"start":{"line":12,"column":10},"end":{"line":12,"column":11}},"loc":{"start":{"line":12,"column":20},"end":{"line":18,"column":5}},"line":12}},"branchMap":{"0":{"loc":{"start":{"line":13,"column":6},"end":{"line":15,"column":7}},"type":"if","locations":[{"start":{"line":13,"column":6},"end":{"line":15,"column":7}},{"start":{"line":13,"column":6},"end":{"line":15,"column":7}}],"line":13},"1":{"loc":{"start":{"line":13,"column":9},"end":{"line":13,"column":50}},"type":"binary-expr","locations":[{"start":{"line":13,"column":9},"end":{"line":13,"column":14}},{"start":{"line":13,"column":18},"end":{"line":13,"column":50}}],"line":13}},"s":{"0":1,"1":1,"2":1,"3":1,"4":1,"5":0,"6":0,"7":0,"8":0},"f":{"0":0,"1":0},"b":{"0":[0,0],"1":[0,0]},"_coverageSchema":"43e27e138ebf9cfc5966b082cf9a028302ed4184","hash":"1cc44155b8995037e3ddb2ef523c22402d154773"}
,"/home/geetesh/Geetesh/practice/passport/KVPassport/KVPassport/config/redis.js": {"path":"/home/geetesh/Geetesh/practice/passport/KVPassport/KVPassport/config/redis.js","statementMap":{"0":{"start":{"line":1,"column":12},"end":{"line":1,"column":28}},"1":{"start":{"line":2,"column":13},"end":{"line":2,"column":33}},"2":{"start":{"line":5,"column":0},"end":{"line":7,"column":3}},"3":{"start":{"line":6,"column":2},"end":{"line":6,"column":33}},"4":{"start":{"line":25,"column":0},"end":{"line":25,"column":22}}},"fnMap":{"0":{"name":"(anonymous_0)","decl":{"start":{"line":5,"column":21},"end":{"line":5,"column":22}},"loc":{"start":{"line":5,"column":32},"end":{"line":7,"column":1}},"line":5}},"branchMap":{},"s":{"0":1,"1":1,"2":1,"3":0,"4":1},"f":{"0":0},"b":{},"_coverageSchema":"43e27e138ebf9cfc5966b082cf9a028302ed4184","hash":"a64384c8684d4d62702acf8dbe384260b1072cfd"}
,"/home/geetesh/Geetesh/practice/passport/KVPassport/KVPassport/models/Users.js": {"path":"/home/geetesh/Geetesh/practice/passport/KVPassport/KVPassport/models/Users.js","statementMap":{"0":{"start":{"line":1,"column":17},"end":{"line":1,"column":36}},"1":{"start":{"line":2,"column":15},"end":{"line":2,"column":32}},"2":{"start":{"line":3,"column":12},"end":{"line":3,"column":35}},"3":{"start":{"line":5,"column":19},"end":{"line":5,"column":27}},"4":{"start":{"line":7,"column":20},"end":{"line":17,"column":2}},"5":{"start":{"line":19,"column":0},"end":{"line":22,"column":2}},"6":{"start":{"line":20,"column":2},"end":{"line":20,"column":53}},"7":{"start":{"line":21,"column":2},"end":{"line":21,"column":91}},"8":{"start":{"line":24,"column":0},"end":{"line":27,"column":2}},"9":{"start":{"line":25,"column":15},"end":{"line":25,"column":91}},"10":{"start":{"line":26,"column":2},"end":{"line":26,"column":28}},"11":{"start":{"line":29,"column":0},"end":{"line":39,"column":2}},"12":{"start":{"line":30,"column":16},"end":{"line":30,"column":26}},"13":{"start":{"line":31,"column":25},"end":{"line":31,"column":40}},"14":{"start":{"line":32,"column":2},"end":{"line":32,"column":47}},"15":{"start":{"line":34,"column":2},"end":{"line":38,"column":15}},"16":{"start":{"line":41,"column":0},"end":{"line":47,"column":2}},"17":{"start":{"line":42,"column":2},"end":{"line":46,"column":4}},"18":{"start":{"line":49,"column":0},"end":{"line":49,"column":37}}},"fnMap":{"0":{"name":"(anonymous_0)","decl":{"start":{"line":19,"column":34},"end":{"line":19,"column":35}},"loc":{"start":{"line":19,"column":53},"end":{"line":22,"column":1}},"line":19},"1":{"name":"(anonymous_1)","decl":{"start":{"line":24,"column":39},"end":{"line":24,"column":40}},"loc":{"start":{"line":24,"column":58},"end":{"line":27,"column":1}},"line":24},"2":{"name":"(anonymous_2)","decl":{"start":{"line":29,"column":34},"end":{"line":29,"column":35}},"loc":{"start":{"line":29,"column":45},"end":{"line":39,"column":1}},"line":29},"3":{"name":"(anonymous_3)","decl":{"start":{"line":41,"column":33},"end":{"line":41,"column":34}},"loc":{"start":{"line":41,"column":44},"end":{"line":47,"column":1}},"line":41}},"branchMap":{},"s":{"0":1,"1":1,"2":1,"3":1,"4":1,"5":1,"6":0,"7":0,"8":1,"9":0,"10":0,"11":1,"12":0,"13":0,"14":0,"15":0,"16":1,"17":0,"18":1},"f":{"0":0,"1":0,"2":0,"3":0},"b":{},"_coverageSchema":"43e27e138ebf9cfc5966b082cf9a028302ed4184","hash":"741ecfe069954f6410e773013eac957437c3a71b"}
,"/home/geetesh/Geetesh/practice/passport/KVPassport/KVPassport/routes/auth.js": {"path":"/home/geetesh/Geetesh/practice/passport/KVPassport/KVPassport/routes/auth.js","statementMap":{"0":{"start":{"line":1,"column":12},"end":{"line":1,"column":34}},"1":{"start":{"line":3,"column":28},"end":{"line":13,"column":1}},"2":{"start":{"line":5,"column":22},"end":{"line":5,"column":39}},"3":{"start":{"line":9,"column":2},"end":{"line":11,"column":3}},"4":{"start":{"line":10,"column":4},"end":{"line":10,"column":25}},"5":{"start":{"line":12,"column":2},"end":{"line":12,"column":14}},"6":{"start":{"line":15,"column":13},"end":{"line":27,"column":1}},"7":{"start":{"line":29,"column":0},"end":{"line":29,"column":22}}},"fnMap":{"0":{"name":"(anonymous_0)","decl":{"start":{"line":3,"column":28},"end":{"line":3,"column":29}},"loc":{"start":{"line":3,"column":37},"end":{"line":13,"column":1}},"line":3}},"branchMap":{"0":{"loc":{"start":{"line":9,"column":2},"end":{"line":11,"column":3}},"type":"if","locations":[{"start":{"line":9,"column":2},"end":{"line":11,"column":3}},{"start":{"line":9,"column":2},"end":{"line":11,"column":3}}],"line":9}},"s":{"0":1,"1":1,"2":0,"3":0,"4":0,"5":0,"6":1,"7":1},"f":{"0":0},"b":{"0":[0,0]},"_coverageSchema":"43e27e138ebf9cfc5966b082cf9a028302ed4184","hash":"d2279f8333c31e79315713b935da34583e60107e"}
,"/home/geetesh/Geetesh/practice/passport/KVPassport/KVPassport/routes/index.js": {"path":"/home/geetesh/Geetesh/practice/passport/KVPassport/KVPassport/routes/index.js","statementMap":{"0":{"start":{"line":1,"column":16},"end":{"line":1,"column":34}},"1":{"start":{"line":2,"column":15},"end":{"line":2,"column":31}},"2":{"start":{"line":4,"column":0},"end":{"line":4,"column":37}},"3":{"start":{"line":6,"column":0},"end":{"line":6,"column":24}}},"fnMap":{},"branchMap":{},"s":{"0":1,"1":1,"2":1,"3":1},"f":{},"b":{},"_coverageSchema":"43e27e138ebf9cfc5966b082cf9a028302ed4184","hash":"717fa031bcb636ab0e5fe7ee1752c7d2d4f4aab2"}
,"/home/geetesh/Geetesh/practice/passport/KVPassport/KVPassport/routes/api/index.js": {"path":"/home/geetesh/Geetesh/practice/passport/KVPassport/KVPassport/routes/api/index.js","statementMap":{"0":{"start":{"line":1,"column":16},"end":{"line":1,"column":34}},"1":{"start":{"line":2,"column":15},"end":{"line":2,"column":31}},"2":{"start":{"line":4,"column":0},"end":{"line":4,"column":41}},"3":{"start":{"line":6,"column":0},"end":{"line":6,"column":24}}},"fnMap":{},"branchMap":{},"s":{"0":1,"1":1,"2":1,"3":1},"f":{},"b":{},"_coverageSchema":"43e27e138ebf9cfc5966b082cf9a028302ed4184","hash":"ef8f765e17fd779cb6e29c6a7e38bba065f27b98"}
,"/home/geetesh/Geetesh/practice/passport/KVPassport/KVPassport/routes/api/users.js": {"path":"/home/geetesh/Geetesh/practice/passport/KVPassport/KVPassport/routes/api/users.js","statementMap":{"0":{"start":{"line":1,"column":17},"end":{"line":1,"column":36}},"1":{"start":{"line":2,"column":17},"end":{"line":2,"column":36}},"2":{"start":{"line":3,"column":15},"end":{"line":3,"column":42}},"3":{"start":{"line":4,"column":13},"end":{"line":4,"column":31}},"4":{"start":{"line":5,"column":19},"end":{"line":5,"column":56}},"5":{"start":{"line":6,"column":14},"end":{"line":6,"column":37}},"6":{"start":{"line":7,"column":15},"end":{"line":7,"column":47}},"7":{"start":{"line":8,"column":19},"end":{"line":8,"column":56}},"8":{"start":{"line":11,"column":0},"end":{"line":37,"column":3}},"9":{"start":{"line":13,"column":15},"end":{"line":13,"column":23}},"10":{"start":{"line":15,"column":2},"end":{"line":21,"column":3}},"11":{"start":{"line":16,"column":4},"end":{"line":20,"column":7}},"12":{"start":{"line":23,"column":2},"end":{"line":29,"column":3}},"13":{"start":{"line":24,"column":4},"end":{"line":28,"column":7}},"14":{"start":{"line":31,"column":20},"end":{"line":31,"column":35}},"15":{"start":{"line":33,"column":2},"end":{"line":33,"column":39}},"16":{"start":{"line":35,"column":2},"end":{"line":36,"column":60}},"17":{"start":{"line":36,"column":16},"end":{"line":36,"column":58}},"18":{"start":{"line":40,"column":0},"end":{"line":78,"column":3}},"19":{"start":{"line":42,"column":15},"end":{"line":42,"column":23}},"20":{"start":{"line":43,"column":2},"end":{"line":49,"column":3}},"21":{"start":{"line":44,"column":4},"end":{"line":48,"column":7}},"22":{"start":{"line":51,"column":2},"end":{"line":57,"column":3}},"23":{"start":{"line":52,"column":4},"end":{"line":56,"column":7}},"24":{"start":{"line":59,"column":2},"end":{"line":77,"column":21}},"25":{"start":{"line":60,"column":4},"end":{"line":62,"column":5}},"26":{"start":{"line":61,"column":6},"end":{"line":61,"column":23}},"27":{"start":{"line":63,"column":4},"end":{"line":74,"column":5}},"28":{"start":{"line":64,"column":21},"end":{"line":64,"column":33}},"29":{"start":{"line":65,"column":6},"end":{"line":65,"column":50}},"30":{"start":{"line":66,"column":22},"end":{"line":66,"column":41}},"31":{"start":{"line":67,"column":6},"end":{"line":72,"column":11}},"32":{"start":{"line":69,"column":10},"end":{"line":71,"column":13}},"33":{"start":{"line":70,"column":12},"end":{"line":70,"column":31}},"34":{"start":{"line":73,"column":6},"end":{"line":73,"column":51}},"35":{"start":{"line":76,"column":4},"end":{"line":76,"column":23}},"36":{"start":{"line":90,"column":0},"end":{"line":102,"column":3}},"37":{"start":{"line":91,"column":30},"end":{"line":91,"column":33}},"38":{"start":{"line":92,"column":2},"end":{"line":101,"column":7}},"39":{"start":{"line":94,"column":6},"end":{"line":96,"column":7}},"40":{"start":{"line":95,"column":8},"end":{"line":95,"column":35}},"41":{"start":{"line":97,"column":6},"end":{"line":100,"column":9}},"42":{"start":{"line":98,"column":8},"end":{"line":98,"column":27}},"43":{"start":{"line":99,"column":8},"end":{"line":99,"column":53}},"44":{"start":{"line":104,"column":0},"end":{"line":104,"column":24}}},"fnMap":{"0":{"name":"(anonymous_0)","decl":{"start":{"line":11,"column":40},"end":{"line":11,"column":41}},"loc":{"start":{"line":11,"column":60},"end":{"line":37,"column":1}},"line":11},"1":{"name":"(anonymous_1)","decl":{"start":{"line":36,"column":10},"end":{"line":36,"column":11}},"loc":{"start":{"line":36,"column":16},"end":{"line":36,"column":58}},"line":36},"2":{"name":"(anonymous_2)","decl":{"start":{"line":40,"column":37},"end":{"line":40,"column":38}},"loc":{"start":{"line":40,"column":57},"end":{"line":78,"column":1}},"line":40},"3":{"name":"(anonymous_3)","decl":{"start":{"line":59,"column":60},"end":{"line":59,"column":61}},"loc":{"start":{"line":59,"column":89},"end":{"line":77,"column":3}},"line":59},"4":{"name":"(anonymous_4)","decl":{"start":{"line":68,"column":14},"end":{"line":68,"column":15}},"loc":{"start":{"line":68,"column":24},"end":{"line":72,"column":9}},"line":68},"5":{"name":"(anonymous_5)","decl":{"start":{"line":69,"column":58},"end":{"line":69,"column":59}},"loc":{"start":{"line":69,"column":79},"end":{"line":71,"column":11}},"line":69},"6":{"name":"(anonymous_6)","decl":{"start":{"line":90,"column":49},"end":{"line":90,"column":50}},"loc":{"start":{"line":90,"column":69},"end":{"line":102,"column":1}},"line":90},"7":{"name":"(anonymous_7)","decl":{"start":{"line":93,"column":10},"end":{"line":93,"column":11}},"loc":{"start":{"line":93,"column":20},"end":{"line":101,"column":5}},"line":93},"8":{"name":"(anonymous_8)","decl":{"start":{"line":97,"column":49},"end":{"line":97,"column":50}},"loc":{"start":{"line":97,"column":70},"end":{"line":100,"column":7}},"line":97}},"branchMap":{"0":{"loc":{"start":{"line":15,"column":2},"end":{"line":21,"column":3}},"type":"if","locations":[{"start":{"line":15,"column":2},"end":{"line":21,"column":3}},{"start":{"line":15,"column":2},"end":{"line":21,"column":3}}],"line":15},"1":{"loc":{"start":{"line":23,"column":2},"end":{"line":29,"column":3}},"type":"if","locations":[{"start":{"line":23,"column":2},"end":{"line":29,"column":3}},{"start":{"line":23,"column":2},"end":{"line":29,"column":3}}],"line":23},"2":{"loc":{"start":{"line":43,"column":2},"end":{"line":49,"column":3}},"type":"if","locations":[{"start":{"line":43,"column":2},"end":{"line":49,"column":3}},{"start":{"line":43,"column":2},"end":{"line":49,"column":3}}],"line":43},"3":{"loc":{"start":{"line":51,"column":2},"end":{"line":57,"column":3}},"type":"if","locations":[{"start":{"line":51,"column":2},"end":{"line":57,"column":3}},{"start":{"line":51,"column":2},"end":{"line":57,"column":3}}],"line":51},"4":{"loc":{"start":{"line":60,"column":4},"end":{"line":62,"column":5}},"type":"if","locations":[{"start":{"line":60,"column":4},"end":{"line":62,"column":5}},{"start":{"line":60,"column":4},"end":{"line":62,"column":5}}],"line":60},"5":{"loc":{"start":{"line":63,"column":4},"end":{"line":74,"column":5}},"type":"if","locations":[{"start":{"line":63,"column":4},"end":{"line":74,"column":5}},{"start":{"line":63,"column":4},"end":{"line":74,"column":5}}],"line":63},"6":{"loc":{"start":{"line":94,"column":6},"end":{"line":96,"column":7}},"type":"if","locations":[{"start":{"line":94,"column":6},"end":{"line":96,"column":7}},{"start":{"line":94,"column":6},"end":{"line":96,"column":7}}],"line":94}},"s":{"0":1,"1":1,"2":1,"3":1,"4":1,"5":1,"6":1,"7":1,"8":1,"9":0,"10":0,"11":0,"12":0,"13":0,"14":0,"15":0,"16":0,"17":0,"18":1,"19":0,"20":0,"21":0,"22":0,"23":0,"24":0,"25":0,"26":0,"27":0,"28":0,"29":0,"30":0,"31":0,"32":0,"33":0,"34":0,"35":0,"36":1,"37":0,"38":0,"39":0,"40":0,"41":0,"42":0,"43":0,"44":1},"f":{"0":0,"1":0,"2":0,"3":0,"4":0,"5":0,"6":0,"7":0,"8":0},"b":{"0":[0,0],"1":[0,0],"2":[0,0],"3":[0,0],"4":[0,0],"5":[0,0],"6":[0,0]},"_coverageSchema":"43e27e138ebf9cfc5966b082cf9a028302ed4184","hash":"d19d4695f8b1e0b25ca024db6b2ef26073bde1bc"}
}
