{"D:\\project\\FinalKV\\Nodejs\\app.js": {"path":"D:\\project\\FinalKV\\Nodejs\\app.js","statementMap":{"0":{"start":{"line":1,"column":16},"end":{"line":1,"column":34}},"1":{"start":{"line":2,"column":13},"end":{"line":2,"column":28}},"2":{"start":{"line":3,"column":19},"end":{"line":3,"column":41}},"3":{"start":{"line":4,"column":16},"end":{"line":4,"column":42}},"4":{"start":{"line":5,"column":13},"end":{"line":5,"column":28}},"5":{"start":{"line":6,"column":17},"end":{"line":6,"column":36}},"6":{"start":{"line":7,"column":21},"end":{"line":7,"column":44}},"7":{"start":{"line":8,"column":0},"end":{"line":8,"column":27}},"8":{"start":{"line":12,"column":0},"end":{"line":12,"column":34}},"9":{"start":{"line":15,"column":21},"end":{"line":15,"column":58}},"10":{"start":{"line":18,"column":12},"end":{"line":18,"column":21}},"11":{"start":{"line":19,"column":11},"end":{"line":19,"column":35}},"12":{"start":{"line":22,"column":0},"end":{"line":30,"column":2}},"13":{"start":{"line":31,"column":0},"end":{"line":31,"column":34}},"14":{"start":{"line":32,"column":0},"end":{"line":32,"column":52}},"15":{"start":{"line":33,"column":0},"end":{"line":33,"column":41}},"16":{"start":{"line":36,"column":0},"end":{"line":36,"column":48}},"17":{"start":{"line":37,"column":0},"end":{"line":37,"column":30}},"18":{"start":{"line":39,"column":0},"end":{"line":39,"column":56}},"19":{"start":{"line":40,"column":0},"end":{"line":40,"column":117}},"20":{"start":{"line":41,"column":18},"end":{"line":41,"column":41}},"21":{"start":{"line":42,"column":0},"end":{"line":42,"column":66}},"22":{"start":{"line":44,"column":0},"end":{"line":46,"column":1}},"23":{"start":{"line":45,"column":2},"end":{"line":45,"column":26}},"24":{"start":{"line":50,"column":12},"end":{"line":50,"column":110}},"25":{"start":{"line":53,"column":0},"end":{"line":53,"column":22}},"26":{"start":{"line":57,"column":0},"end":{"line":57,"column":28}},"27":{"start":{"line":60,"column":0},"end":{"line":60,"column":26}},"28":{"start":{"line":61,"column":0},"end":{"line":61,"column":31}},"29":{"start":{"line":62,"column":0},"end":{"line":62,"column":31}},"30":{"start":{"line":63,"column":0},"end":{"line":63,"column":30}},"31":{"start":{"line":64,"column":0},"end":{"line":64,"column":29}},"32":{"start":{"line":65,"column":0},"end":{"line":65,"column":29}},"33":{"start":{"line":66,"column":0},"end":{"line":66,"column":30}},"34":{"start":{"line":67,"column":0},"end":{"line":67,"column":35}},"35":{"start":{"line":68,"column":0},"end":{"line":68,"column":28}},"36":{"start":{"line":69,"column":0},"end":{"line":69,"column":31}},"37":{"start":{"line":70,"column":0},"end":{"line":70,"column":29}},"38":{"start":{"line":97,"column":0},"end":{"line":97,"column":80}},"39":{"start":{"line":97,"column":23},"end":{"line":97,"column":78}}},"fnMap":{"0":{"name":"(anonymous_0)","decl":{"start":{"line":97,"column":17},"end":{"line":97,"column":18}},"loc":{"start":{"line":97,"column":23},"end":{"line":97,"column":78}},"line":97}},"branchMap":{"0":{"loc":{"start":{"line":19,"column":11},"end":{"line":19,"column":35}},"type":"binary-expr","locations":[{"start":{"line":19,"column":11},"end":{"line":19,"column":27}},{"start":{"line":19,"column":31},"end":{"line":19,"column":35}}],"line":19},"1":{"loc":{"start":{"line":44,"column":0},"end":{"line":46,"column":1}},"type":"if","locations":[{"start":{"line":44,"column":0},"end":{"line":46,"column":1}},{"start":{"line":44,"column":0},"end":{"line":46,"column":1}}],"line":44}},"s":{"0":1,"1":1,"2":1,"3":1,"4":1,"5":1,"6":1,"7":1,"8":1,"9":1,"10":1,"11":1,"12":1,"13":1,"14":1,"15":1,"16":1,"17":1,"18":1,"19":1,"20":1,"21":1,"22":1,"23":1,"24":1,"25":1,"26":1,"27":1,"28":1,"29":1,"30":1,"31":1,"32":1,"33":1,"34":1,"35":1,"36":1,"37":1,"38":1,"39":1},"f":{"0":1},"b":{"0":[1,0],"1":[1,0]},"_coverageSchema":"43e27e138ebf9cfc5966b082cf9a028302ed4184","hash":"a9aabbd5cbbb49a0029b026324a039d3b91aa65a"}
,"D:\\project\\FinalKV\\Nodejs\\config\\checkCache.js": {"path":"D:\\project\\FinalKV\\Nodejs\\config\\checkCache.js","statementMap":{"0":{"start":{"line":1,"column":15},"end":{"line":1,"column":44}},"1":{"start":{"line":2,"column":19},"end":{"line":2,"column":53}},"2":{"start":{"line":4,"column":19},"end":{"line":26,"column":1}},"3":{"start":{"line":5,"column":17},"end":{"line":5,"column":28}},"4":{"start":{"line":11,"column":2},"end":{"line":25,"column":5}},"5":{"start":{"line":12,"column":4},"end":{"line":15,"column":5}},"6":{"start":{"line":13,"column":6},"end":{"line":13,"column":23}},"7":{"start":{"line":14,"column":6},"end":{"line":14,"column":32}},"8":{"start":{"line":18,"column":18},"end":{"line":18,"column":34}},"9":{"start":{"line":19,"column":4},"end":{"line":24,"column":5}},"10":{"start":{"line":20,"column":6},"end":{"line":20,"column":38}},"11":{"start":{"line":23,"column":6},"end":{"line":23,"column":13}},"12":{"start":{"line":28,"column":0},"end":{"line":28,"column":28}}},"fnMap":{"0":{"name":"(anonymous_0)","decl":{"start":{"line":4,"column":19},"end":{"line":4,"column":20}},"loc":{"start":{"line":4,"column":39},"end":{"line":26,"column":1}},"line":4},"1":{"name":"(anonymous_1)","decl":{"start":{"line":11,"column":17},"end":{"line":11,"column":18}},"loc":{"start":{"line":11,"column":32},"end":{"line":25,"column":3}},"line":11}},"branchMap":{"0":{"loc":{"start":{"line":12,"column":4},"end":{"line":15,"column":5}},"type":"if","locations":[{"start":{"line":12,"column":4},"end":{"line":15,"column":5}},{"start":{"line":12,"column":4},"end":{"line":15,"column":5}}],"line":12},"1":{"loc":{"start":{"line":19,"column":4},"end":{"line":24,"column":5}},"type":"if","locations":[{"start":{"line":19,"column":4},"end":{"line":24,"column":5}},{"start":{"line":19,"column":4},"end":{"line":24,"column":5}}],"line":19}},"s":{"0":1,"1":1,"2":1,"3":0,"4":0,"5":0,"6":0,"7":0,"8":0,"9":0,"10":0,"11":0,"12":1},"f":{"0":0,"1":0},"b":{"0":[0,0],"1":[0,0]},"_coverageSchema":"43e27e138ebf9cfc5966b082cf9a028302ed4184","hash":"5121f97e4af7479e2f6efd9e49984bb1374161f7"}
,"D:\\project\\FinalKV\\Nodejs\\config\\createJson.js": {"path":"D:\\project\\FinalKV\\Nodejs\\config\\createJson.js","statementMap":{"0":{"start":{"line":1,"column":19},"end":{"line":15,"column":1}},"1":{"start":{"line":7,"column":16},"end":{"line":7,"column":48}},"2":{"start":{"line":8,"column":11},"end":{"line":8,"column":13}},"3":{"start":{"line":9,"column":2},"end":{"line":13,"column":5}},"4":{"start":{"line":10,"column":4},"end":{"line":12,"column":5}},"5":{"start":{"line":11,"column":6},"end":{"line":11,"column":31}},"6":{"start":{"line":14,"column":2},"end":{"line":14,"column":14}},"7":{"start":{"line":17,"column":0},"end":{"line":17,"column":28}}},"fnMap":{"0":{"name":"(anonymous_0)","decl":{"start":{"line":1,"column":19},"end":{"line":1,"column":20}},"loc":{"start":{"line":1,"column":29},"end":{"line":15,"column":1}},"line":1},"1":{"name":"(anonymous_1)","decl":{"start":{"line":9,"column":33},"end":{"line":9,"column":34}},"loc":{"start":{"line":9,"column":47},"end":{"line":13,"column":3}},"line":9}},"branchMap":{"0":{"loc":{"start":{"line":10,"column":4},"end":{"line":12,"column":5}},"type":"if","locations":[{"start":{"line":10,"column":4},"end":{"line":12,"column":5}},{"start":{"line":10,"column":4},"end":{"line":12,"column":5}}],"line":10},"1":{"loc":{"start":{"line":10,"column":7},"end":{"line":10,"column":39}},"type":"binary-expr","locations":[{"start":{"line":10,"column":7},"end":{"line":10,"column":21}},{"start":{"line":10,"column":25},"end":{"line":10,"column":39}}],"line":10}},"s":{"0":1,"1":0,"2":0,"3":0,"4":0,"5":0,"6":0,"7":1},"f":{"0":0,"1":0},"b":{"0":[0,0],"1":[0,0]},"_coverageSchema":"43e27e138ebf9cfc5966b082cf9a028302ed4184","hash":"aa97376131a76a3e87b5ee50a9ecdd184215a3e3"}
,"D:\\project\\FinalKV\\Nodejs\\config\\email.js": {"path":"D:\\project\\FinalKV\\Nodejs\\config\\email.js","statementMap":{"0":{"start":{"line":1,"column":17},"end":{"line":1,"column":38}},"1":{"start":{"line":2,"column":9},"end":{"line":2,"column":65}},"2":{"start":{"line":3,"column":18},"end":{"line":41,"column":1}},"3":{"start":{"line":6,"column":0},"end":{"line":6,"column":55}},"4":{"start":{"line":8,"column":18},"end":{"line":19,"column":4}},"5":{"start":{"line":21,"column":18},"end":{"line":30,"column":1}},"6":{"start":{"line":33,"column":0},"end":{"line":40,"column":3}},"7":{"start":{"line":34,"column":4},"end":{"line":36,"column":5}},"8":{"start":{"line":35,"column":8},"end":{"line":35,"column":34}},"9":{"start":{"line":37,"column":4},"end":{"line":37,"column":50}},"10":{"start":{"line":38,"column":4},"end":{"line":38,"column":19}},"11":{"start":{"line":39,"column":4},"end":{"line":39,"column":16}},"12":{"start":{"line":42,"column":2},"end":{"line":42,"column":29}}},"fnMap":{"0":{"name":"(anonymous_0)","decl":{"start":{"line":3,"column":18},"end":{"line":3,"column":19}},"loc":{"start":{"line":3,"column":47},"end":{"line":41,"column":1}},"line":3},"1":{"name":"(anonymous_1)","decl":{"start":{"line":33,"column":41},"end":{"line":33,"column":42}},"loc":{"start":{"line":33,"column":62},"end":{"line":40,"column":1}},"line":33}},"branchMap":{"0":{"loc":{"start":{"line":34,"column":4},"end":{"line":36,"column":5}},"type":"if","locations":[{"start":{"line":34,"column":4},"end":{"line":36,"column":5}},{"start":{"line":34,"column":4},"end":{"line":36,"column":5}}],"line":34}},"s":{"0":1,"1":1,"2":1,"3":0,"4":0,"5":0,"6":0,"7":0,"8":0,"9":0,"10":0,"11":0,"12":1},"f":{"0":0,"1":0},"b":{"0":[0,0]},"_coverageSchema":"43e27e138ebf9cfc5966b082cf9a028302ed4184","hash":"90b4a8b95079547cbf6c45359dfb9a30ad5ca4eb"}
,"D:\\project\\FinalKV\\Nodejs\\config\\functions.js": {"path":"D:\\project\\FinalKV\\Nodejs\\config\\functions.js","statementMap":{"0":{"start":{"line":1,"column":8},"end":{"line":1,"column":25}},"1":{"start":{"line":3,"column":17},"end":{"line":46,"column":1}},"2":{"start":{"line":4,"column":2},"end":{"line":4,"column":27}},"3":{"start":{"line":5,"column":2},"end":{"line":45,"column":3}},"4":{"start":{"line":8,"column":4},"end":{"line":20,"column":5}},"5":{"start":{"line":10,"column":6},"end":{"line":10,"column":31}},"6":{"start":{"line":11,"column":10},"end":{"line":20,"column":5}},"7":{"start":{"line":13,"column":6},"end":{"line":13,"column":32}},"8":{"start":{"line":14,"column":10},"end":{"line":20,"column":5}},"9":{"start":{"line":16,"column":6},"end":{"line":16,"column":29}},"10":{"start":{"line":19,"column":6},"end":{"line":19,"column":21}},"11":{"start":{"line":21,"column":4},"end":{"line":40,"column":7}},"12":{"start":{"line":22,"column":33},"end":{"line":29,"column":8}},"13":{"start":{"line":23,"column":8},"end":{"line":28,"column":9}},"14":{"start":{"line":27,"column":10},"end":{"line":27,"column":19}},"15":{"start":{"line":30,"column":30},"end":{"line":37,"column":8}},"16":{"start":{"line":31,"column":8},"end":{"line":36,"column":9}},"17":{"start":{"line":35,"column":10},"end":{"line":35,"column":19}},"18":{"start":{"line":38,"column":24},"end":{"line":38,"column":67}},"19":{"start":{"line":39,"column":6},"end":{"line":39,"column":44}},"20":{"start":{"line":41,"column":4},"end":{"line":41,"column":19}},"21":{"start":{"line":44,"column":4},"end":{"line":44,"column":19}},"22":{"start":{"line":48,"column":0},"end":{"line":48,"column":26}}},"fnMap":{"0":{"name":"(anonymous_0)","decl":{"start":{"line":3,"column":17},"end":{"line":3,"column":18}},"loc":{"start":{"line":3,"column":43},"end":{"line":46,"column":1}},"line":3},"1":{"name":"(anonymous_1)","decl":{"start":{"line":21,"column":16},"end":{"line":21,"column":17}},"loc":{"start":{"line":21,"column":19},"end":{"line":40,"column":5}},"line":21},"2":{"name":"(anonymous_2)","decl":{"start":{"line":22,"column":52},"end":{"line":22,"column":53}},"loc":{"start":{"line":22,"column":55},"end":{"line":29,"column":7}},"line":22},"3":{"name":"(anonymous_3)","decl":{"start":{"line":30,"column":49},"end":{"line":30,"column":50}},"loc":{"start":{"line":30,"column":52},"end":{"line":37,"column":7}},"line":30}},"branchMap":{"0":{"loc":{"start":{"line":5,"column":2},"end":{"line":45,"column":3}},"type":"if","locations":[{"start":{"line":5,"column":2},"end":{"line":45,"column":3}},{"start":{"line":5,"column":2},"end":{"line":45,"column":3}}],"line":5},"1":{"loc":{"start":{"line":8,"column":4},"end":{"line":20,"column":5}},"type":"if","locations":[{"start":{"line":8,"column":4},"end":{"line":20,"column":5}},{"start":{"line":8,"column":4},"end":{"line":20,"column":5}}],"line":8},"2":{"loc":{"start":{"line":11,"column":10},"end":{"line":20,"column":5}},"type":"if","locations":[{"start":{"line":11,"column":10},"end":{"line":20,"column":5}},{"start":{"line":11,"column":10},"end":{"line":20,"column":5}}],"line":11},"3":{"loc":{"start":{"line":14,"column":10},"end":{"line":20,"column":5}},"type":"if","locations":[{"start":{"line":14,"column":10},"end":{"line":20,"column":5}},{"start":{"line":14,"column":10},"end":{"line":20,"column":5}}],"line":14},"4":{"loc":{"start":{"line":23,"column":8},"end":{"line":28,"column":9}},"type":"if","locations":[{"start":{"line":23,"column":8},"end":{"line":28,"column":9}},{"start":{"line":23,"column":8},"end":{"line":28,"column":9}}],"line":23},"5":{"loc":{"start":{"line":31,"column":8},"end":{"line":36,"column":9}},"type":"if","locations":[{"start":{"line":31,"column":8},"end":{"line":36,"column":9}},{"start":{"line":31,"column":8},"end":{"line":36,"column":9}}],"line":31}},"s":{"0":1,"1":1,"2":0,"3":0,"4":0,"5":0,"6":0,"7":0,"8":0,"9":0,"10":0,"11":0,"12":0,"13":0,"14":0,"15":0,"16":0,"17":0,"18":0,"19":0,"20":0,"21":0,"22":1},"f":{"0":0,"1":0,"2":0,"3":0},"b":{"0":[0,0],"1":[0,0],"2":[0,0],"3":[0,0],"4":[0,0],"5":[0,0]},"_coverageSchema":"43e27e138ebf9cfc5966b082cf9a028302ed4184","hash":"4acb94d2ec6b9d11d0dcf92c238589884b351646"}
,"D:\\project\\FinalKV\\Nodejs\\config\\passport.js": {"path":"D:\\project\\FinalKV\\Nodejs\\config\\passport.js","statementMap":{"0":{"start":{"line":1,"column":17},"end":{"line":1,"column":36}},"1":{"start":{"line":2,"column":17},"end":{"line":2,"column":36}},"2":{"start":{"line":3,"column":22},"end":{"line":3,"column":47}},"3":{"start":{"line":5,"column":14},"end":{"line":5,"column":37}},"4":{"start":{"line":7,"column":0},"end":{"line":19,"column":4}},"5":{"start":{"line":11,"column":2},"end":{"line":18,"column":19}},"6":{"start":{"line":13,"column":6},"end":{"line":15,"column":7}},"7":{"start":{"line":14,"column":8},"end":{"line":14,"column":84}},"8":{"start":{"line":17,"column":6},"end":{"line":17,"column":30}}},"fnMap":{"0":{"name":"(anonymous_0)","decl":{"start":{"line":10,"column":3},"end":{"line":10,"column":4}},"loc":{"start":{"line":10,"column":30},"end":{"line":19,"column":1}},"line":10},"1":{"name":"(anonymous_1)","decl":{"start":{"line":12,"column":10},"end":{"line":12,"column":11}},"loc":{"start":{"line":12,"column":20},"end":{"line":18,"column":5}},"line":12}},"branchMap":{"0":{"loc":{"start":{"line":13,"column":6},"end":{"line":15,"column":7}},"type":"if","locations":[{"start":{"line":13,"column":6},"end":{"line":15,"column":7}},{"start":{"line":13,"column":6},"end":{"line":15,"column":7}}],"line":13},"1":{"loc":{"start":{"line":13,"column":9},"end":{"line":13,"column":50}},"type":"binary-expr","locations":[{"start":{"line":13,"column":9},"end":{"line":13,"column":14}},{"start":{"line":13,"column":18},"end":{"line":13,"column":50}}],"line":13}},"s":{"0":1,"1":1,"2":1,"3":1,"4":1,"5":0,"6":0,"7":0,"8":0},"f":{"0":0,"1":0},"b":{"0":[0,0],"1":[0,0]},"_coverageSchema":"43e27e138ebf9cfc5966b082cf9a028302ed4184","hash":"4f6dc1a523060c10e4a01676215edbd87e047a74"}
,"D:\\project\\FinalKV\\Nodejs\\config\\redis.js": {"path":"D:\\project\\FinalKV\\Nodejs\\config\\redis.js","statementMap":{},"fnMap":{},"branchMap":{},"s":{},"f":{},"b":{},"_coverageSchema":"43e27e138ebf9cfc5966b082cf9a028302ed4184","hash":"5470ceb9ae08f5ab2459cd368a0c39963a4a0647"}
,"D:\\project\\FinalKV\\Nodejs\\models\\Users.js": {"path":"D:\\project\\FinalKV\\Nodejs\\models\\Users.js","statementMap":{"0":{"start":{"line":1,"column":17},"end":{"line":1,"column":36}},"1":{"start":{"line":2,"column":15},"end":{"line":2,"column":32}},"2":{"start":{"line":3,"column":12},"end":{"line":3,"column":35}},"3":{"start":{"line":5,"column":19},"end":{"line":5,"column":27}},"4":{"start":{"line":7,"column":20},"end":{"line":32,"column":2}},"5":{"start":{"line":35,"column":0},"end":{"line":38,"column":2}},"6":{"start":{"line":36,"column":2},"end":{"line":36,"column":53}},"7":{"start":{"line":37,"column":2},"end":{"line":37,"column":91}},"8":{"start":{"line":41,"column":0},"end":{"line":44,"column":2}},"9":{"start":{"line":42,"column":15},"end":{"line":42,"column":91}},"10":{"start":{"line":43,"column":2},"end":{"line":43,"column":28}},"11":{"start":{"line":47,"column":0},"end":{"line":57,"column":2}},"12":{"start":{"line":48,"column":16},"end":{"line":48,"column":26}},"13":{"start":{"line":49,"column":25},"end":{"line":49,"column":40}},"14":{"start":{"line":50,"column":2},"end":{"line":50,"column":47}},"15":{"start":{"line":52,"column":2},"end":{"line":56,"column":15}},"16":{"start":{"line":59,"column":0},"end":{"line":65,"column":2}},"17":{"start":{"line":60,"column":2},"end":{"line":64,"column":4}},"18":{"start":{"line":67,"column":0},"end":{"line":67,"column":37}}},"fnMap":{"0":{"name":"(anonymous_0)","decl":{"start":{"line":35,"column":34},"end":{"line":35,"column":35}},"loc":{"start":{"line":35,"column":53},"end":{"line":38,"column":1}},"line":35},"1":{"name":"(anonymous_1)","decl":{"start":{"line":41,"column":39},"end":{"line":41,"column":40}},"loc":{"start":{"line":41,"column":58},"end":{"line":44,"column":1}},"line":41},"2":{"name":"(anonymous_2)","decl":{"start":{"line":47,"column":34},"end":{"line":47,"column":35}},"loc":{"start":{"line":47,"column":45},"end":{"line":57,"column":1}},"line":47},"3":{"name":"(anonymous_3)","decl":{"start":{"line":59,"column":33},"end":{"line":59,"column":34}},"loc":{"start":{"line":59,"column":44},"end":{"line":65,"column":1}},"line":59}},"branchMap":{},"s":{"0":1,"1":1,"2":1,"3":1,"4":1,"5":1,"6":0,"7":0,"8":1,"9":0,"10":0,"11":1,"12":0,"13":0,"14":0,"15":0,"16":1,"17":0,"18":1},"f":{"0":0,"1":0,"2":0,"3":0},"b":{},"_coverageSchema":"43e27e138ebf9cfc5966b082cf9a028302ed4184","hash":"8f318b902241c95f9f987f906c010e84b94e13d4"}
,"D:\\project\\FinalKV\\Nodejs\\models\\achievers.js": {"path":"D:\\project\\FinalKV\\Nodejs\\models\\achievers.js","statementMap":{"0":{"start":{"line":1,"column":17},"end":{"line":1,"column":36}},"1":{"start":{"line":2,"column":15},"end":{"line":2,"column":30}},"2":{"start":{"line":4,"column":24},"end":{"line":13,"column":2}},"3":{"start":{"line":16,"column":0},"end":{"line":16,"column":57}}},"fnMap":{},"branchMap":{},"s":{"0":1,"1":1,"2":1,"3":1},"f":{},"b":{},"_coverageSchema":"43e27e138ebf9cfc5966b082cf9a028302ed4184","hash":"765cfd5f4a10574f88dba9b0430b1dc9fcdd6a61"}
,"D:\\project\\FinalKV\\Nodejs\\models\\activities.js": {"path":"D:\\project\\FinalKV\\Nodejs\\models\\activities.js","statementMap":{"0":{"start":{"line":1,"column":17},"end":{"line":1,"column":36}},"1":{"start":{"line":2,"column":15},"end":{"line":2,"column":30}},"2":{"start":{"line":4,"column":25},"end":{"line":23,"column":2}},"3":{"start":{"line":26,"column":0},"end":{"line":26,"column":60}}},"fnMap":{},"branchMap":{},"s":{"0":1,"1":1,"2":1,"3":1},"f":{},"b":{},"_coverageSchema":"43e27e138ebf9cfc5966b082cf9a028302ed4184","hash":"f1ac2eeeec98476944b9427c9c22f37ea8d4d781"}
,"D:\\project\\FinalKV\\Nodejs\\models\\coachings.js": {"path":"D:\\project\\FinalKV\\Nodejs\\models\\coachings.js","statementMap":{"0":{"start":{"line":1,"column":17},"end":{"line":1,"column":36}},"1":{"start":{"line":2,"column":15},"end":{"line":2,"column":30}},"2":{"start":{"line":4,"column":24},"end":{"line":21,"column":2}},"3":{"start":{"line":24,"column":0},"end":{"line":24,"column":57}}},"fnMap":{},"branchMap":{},"s":{"0":1,"1":1,"2":1,"3":1},"f":{},"b":{},"_coverageSchema":"43e27e138ebf9cfc5966b082cf9a028302ed4184","hash":"029f41a95f85b3bc506b15664894a3ce1c5d7a21"}
,"D:\\project\\FinalKV\\Nodejs\\models\\college.js": {"path":"D:\\project\\FinalKV\\Nodejs\\models\\college.js","statementMap":{"0":{"start":{"line":1,"column":17},"end":{"line":1,"column":36}},"1":{"start":{"line":2,"column":15},"end":{"line":2,"column":30}},"2":{"start":{"line":4,"column":22},"end":{"line":21,"column":2}},"3":{"start":{"line":24,"column":0},"end":{"line":24,"column":51}}},"fnMap":{},"branchMap":{},"s":{"0":1,"1":1,"2":1,"3":1},"f":{},"b":{},"_coverageSchema":"43e27e138ebf9cfc5966b082cf9a028302ed4184","hash":"13e40b9553aaafb3ae8f769ba969224ee4e74aee"}
,"D:\\project\\FinalKV\\Nodejs\\models\\hotLinks.js": {"path":"D:\\project\\FinalKV\\Nodejs\\models\\hotLinks.js","statementMap":{"0":{"start":{"line":1,"column":17},"end":{"line":1,"column":36}},"1":{"start":{"line":2,"column":15},"end":{"line":2,"column":30}},"2":{"start":{"line":4,"column":23},"end":{"line":8,"column":2}},"3":{"start":{"line":11,"column":0},"end":{"line":11,"column":54}}},"fnMap":{},"branchMap":{},"s":{"0":1,"1":1,"2":1,"3":1},"f":{},"b":{},"_coverageSchema":"43e27e138ebf9cfc5966b082cf9a028302ed4184","hash":"ab164b36f1e2c57126065efc21c53b57ad4295b3"}
,"D:\\project\\FinalKV\\Nodejs\\models\\sharePosts.js": {"path":"D:\\project\\FinalKV\\Nodejs\\models\\sharePosts.js","statementMap":{"0":{"start":{"line":1,"column":17},"end":{"line":1,"column":36}},"1":{"start":{"line":2,"column":15},"end":{"line":2,"column":30}},"2":{"start":{"line":3,"column":21},"end":{"line":3,"column":27}},"3":{"start":{"line":6,"column":24},"end":{"line":45,"column":2}},"4":{"start":{"line":48,"column":0},"end":{"line":48,"column":57}}},"fnMap":{},"branchMap":{},"s":{"0":1,"1":1,"2":1,"3":1,"4":1},"f":{},"b":{},"_coverageSchema":"43e27e138ebf9cfc5966b082cf9a028302ed4184","hash":"b7d88a105563299767d1eab0061d9d1c92469aa5"}
,"D:\\project\\FinalKV\\Nodejs\\models\\slideShows.js": {"path":"D:\\project\\FinalKV\\Nodejs\\models\\slideShows.js","statementMap":{"0":{"start":{"line":1,"column":17},"end":{"line":1,"column":36}},"1":{"start":{"line":2,"column":15},"end":{"line":2,"column":30}},"2":{"start":{"line":4,"column":24},"end":{"line":6,"column":2}},"3":{"start":{"line":9,"column":0},"end":{"line":9,"column":57}}},"fnMap":{},"branchMap":{},"s":{"0":1,"1":1,"2":1,"3":1},"f":{},"b":{},"_coverageSchema":"43e27e138ebf9cfc5966b082cf9a028302ed4184","hash":"2986babc4aac7ea52e1e5f8229fbfa9dcb48c4c8"}
,"D:\\project\\FinalKV\\Nodejs\\models\\successStories.js": {"path":"D:\\project\\FinalKV\\Nodejs\\models\\successStories.js","statementMap":{"0":{"start":{"line":1,"column":17},"end":{"line":1,"column":36}},"1":{"start":{"line":2,"column":15},"end":{"line":2,"column":30}},"2":{"start":{"line":4,"column":29},"end":{"line":8,"column":2}},"3":{"start":{"line":11,"column":0},"end":{"line":11,"column":72}}},"fnMap":{},"branchMap":{},"s":{"0":1,"1":1,"2":1,"3":1},"f":{},"b":{},"_coverageSchema":"43e27e138ebf9cfc5966b082cf9a028302ed4184","hash":"a5bba0b1e447d8c8f62157ab4cc30d46f192ff2f"}
,"D:\\project\\FinalKV\\Nodejs\\routes\\auth.js": {"path":"D:\\project\\FinalKV\\Nodejs\\routes\\auth.js","statementMap":{"0":{"start":{"line":1,"column":12},"end":{"line":1,"column":34}},"1":{"start":{"line":3,"column":28},"end":{"line":15,"column":1}},"2":{"start":{"line":5,"column":2},"end":{"line":5,"column":41}},"3":{"start":{"line":6,"column":22},"end":{"line":6,"column":39}},"4":{"start":{"line":7,"column":2},"end":{"line":7,"column":45}},"5":{"start":{"line":11,"column":2},"end":{"line":13,"column":3}},"6":{"start":{"line":12,"column":4},"end":{"line":12,"column":25}},"7":{"start":{"line":14,"column":2},"end":{"line":14,"column":14}},"8":{"start":{"line":17,"column":13},"end":{"line":29,"column":1}},"9":{"start":{"line":31,"column":0},"end":{"line":31,"column":22}}},"fnMap":{"0":{"name":"(anonymous_0)","decl":{"start":{"line":3,"column":28},"end":{"line":3,"column":29}},"loc":{"start":{"line":3,"column":37},"end":{"line":15,"column":1}},"line":3}},"branchMap":{"0":{"loc":{"start":{"line":11,"column":2},"end":{"line":13,"column":3}},"type":"if","locations":[{"start":{"line":11,"column":2},"end":{"line":13,"column":3}},{"start":{"line":11,"column":2},"end":{"line":13,"column":3}}],"line":11}},"s":{"0":1,"1":1,"2":0,"3":0,"4":0,"5":0,"6":0,"7":0,"8":1,"9":1},"f":{"0":0},"b":{"0":[0,0]},"_coverageSchema":"43e27e138ebf9cfc5966b082cf9a028302ed4184","hash":"d1553fc13820ec1a93ac106465e4335e01408e65"}
,"D:\\project\\FinalKV\\Nodejs\\routes\\index.js": {"path":"D:\\project\\FinalKV\\Nodejs\\routes\\index.js","statementMap":{"0":{"start":{"line":1,"column":16},"end":{"line":1,"column":34}},"1":{"start":{"line":2,"column":15},"end":{"line":2,"column":31}},"2":{"start":{"line":4,"column":0},"end":{"line":4,"column":37}},"3":{"start":{"line":5,"column":0},"end":{"line":7,"column":3}},"4":{"start":{"line":6,"column":2},"end":{"line":6,"column":19}},"5":{"start":{"line":8,"column":0},"end":{"line":8,"column":24}}},"fnMap":{"0":{"name":"(anonymous_0)","decl":{"start":{"line":5,"column":16},"end":{"line":5,"column":17}},"loc":{"start":{"line":5,"column":29},"end":{"line":7,"column":1}},"line":5}},"branchMap":{},"s":{"0":1,"1":1,"2":1,"3":1,"4":0,"5":1},"f":{"0":0},"b":{},"_coverageSchema":"43e27e138ebf9cfc5966b082cf9a028302ed4184","hash":"4d060eff4ee0e3eeec25fb4585503a7710a9c9f9"}
,"D:\\project\\FinalKV\\Nodejs\\routes\\api\\index.js": {"path":"D:\\project\\FinalKV\\Nodejs\\routes\\api\\index.js","statementMap":{"0":{"start":{"line":1,"column":16},"end":{"line":1,"column":34}},"1":{"start":{"line":2,"column":15},"end":{"line":2,"column":31}},"2":{"start":{"line":4,"column":0},"end":{"line":4,"column":41}},"3":{"start":{"line":6,"column":0},"end":{"line":6,"column":24}}},"fnMap":{},"branchMap":{},"s":{"0":1,"1":1,"2":1,"3":1},"f":{},"b":{},"_coverageSchema":"43e27e138ebf9cfc5966b082cf9a028302ed4184","hash":"f222fb4ae11ff7f88da453a8b716551acbcae388"}
,"D:\\project\\FinalKV\\Nodejs\\routes\\api\\users.js": {"path":"D:\\project\\FinalKV\\Nodejs\\routes\\api\\users.js","statementMap":{"0":{"start":{"line":1,"column":17},"end":{"line":1,"column":36}},"1":{"start":{"line":2,"column":17},"end":{"line":2,"column":36}},"2":{"start":{"line":3,"column":15},"end":{"line":3,"column":42}},"3":{"start":{"line":4,"column":13},"end":{"line":4,"column":31}},"4":{"start":{"line":5,"column":19},"end":{"line":5,"column":56}},"5":{"start":{"line":6,"column":14},"end":{"line":6,"column":37}},"6":{"start":{"line":8,"column":19},"end":{"line":8,"column":56}},"7":{"start":{"line":9,"column":17},"end":{"line":9,"column":53}},"8":{"start":{"line":10,"column":18},"end":{"line":10,"column":45}},"9":{"start":{"line":11,"column":18},"end":{"line":11,"column":45}},"10":{"start":{"line":12,"column":19},"end":{"line":12,"column":46}},"11":{"start":{"line":13,"column":19},"end":{"line":13,"column":46}},"12":{"start":{"line":14,"column":17},"end":{"line":14,"column":42}},"13":{"start":{"line":15,"column":20},"end":{"line":15,"column":48}},"14":{"start":{"line":16,"column":17},"end":{"line":16,"column":43}},"15":{"start":{"line":21,"column":8},"end":{"line":21,"column":25}},"16":{"start":{"line":22,"column":9},"end":{"line":22,"column":53}},"17":{"start":{"line":26,"column":0},"end":{"line":55,"column":3}},"18":{"start":{"line":28,"column":15},"end":{"line":28,"column":34}},"19":{"start":{"line":29,"column":2},"end":{"line":29,"column":39}},"20":{"start":{"line":30,"column":2},"end":{"line":37,"column":3}},"21":{"start":{"line":31,"column":4},"end":{"line":36,"column":7}},"22":{"start":{"line":39,"column":2},"end":{"line":46,"column":3}},"23":{"start":{"line":40,"column":4},"end":{"line":45,"column":7}},"24":{"start":{"line":48,"column":20},"end":{"line":48,"column":35}},"25":{"start":{"line":49,"column":2},"end":{"line":49,"column":44}},"26":{"start":{"line":51,"column":2},"end":{"line":51,"column":39}},"27":{"start":{"line":53,"column":2},"end":{"line":54,"column":70}},"28":{"start":{"line":54,"column":16},"end":{"line":54,"column":68}},"29":{"start":{"line":58,"column":0},"end":{"line":100,"column":3}},"30":{"start":{"line":59,"column":2},"end":{"line":59,"column":54}},"31":{"start":{"line":60,"column":2},"end":{"line":98,"column":3}},"32":{"start":{"line":62,"column":17},"end":{"line":62,"column":48}},"33":{"start":{"line":64,"column":4},"end":{"line":68,"column":5}},"34":{"start":{"line":65,"column":6},"end":{"line":67,"column":9}},"35":{"start":{"line":69,"column":22},"end":{"line":79,"column":5}},"36":{"start":{"line":80,"column":4},"end":{"line":80,"column":43}},"37":{"start":{"line":81,"column":4},"end":{"line":91,"column":7}},"38":{"start":{"line":82,"column":6},"end":{"line":82,"column":41}},"39":{"start":{"line":84,"column":6},"end":{"line":87,"column":11}},"40":{"start":{"line":86,"column":10},"end":{"line":86,"column":70}},"41":{"start":{"line":89,"column":6},"end":{"line":89,"column":29}},"42":{"start":{"line":90,"column":6},"end":{"line":90,"column":85}},"43":{"start":{"line":95,"column":4},"end":{"line":97,"column":7}},"44":{"start":{"line":104,"column":0},"end":{"line":151,"column":3}},"45":{"start":{"line":106,"column":15},"end":{"line":106,"column":23}},"46":{"start":{"line":107,"column":2},"end":{"line":107,"column":20}},"47":{"start":{"line":108,"column":2},"end":{"line":115,"column":3}},"48":{"start":{"line":109,"column":4},"end":{"line":114,"column":7}},"49":{"start":{"line":117,"column":2},"end":{"line":124,"column":3}},"50":{"start":{"line":118,"column":4},"end":{"line":123,"column":7}},"51":{"start":{"line":126,"column":2},"end":{"line":150,"column":21}},"52":{"start":{"line":127,"column":4},"end":{"line":130,"column":5}},"53":{"start":{"line":128,"column":6},"end":{"line":128,"column":23}},"54":{"start":{"line":129,"column":6},"end":{"line":129,"column":23}},"55":{"start":{"line":131,"column":4},"end":{"line":148,"column":5}},"56":{"start":{"line":132,"column":21},"end":{"line":132,"column":33}},"57":{"start":{"line":133,"column":6},"end":{"line":133,"column":50}},"58":{"start":{"line":134,"column":6},"end":{"line":134,"column":33}},"59":{"start":{"line":135,"column":22},"end":{"line":135,"column":41}},"60":{"start":{"line":136,"column":6},"end":{"line":144,"column":11}},"61":{"start":{"line":139,"column":10},"end":{"line":139,"column":65}},"62":{"start":{"line":142,"column":10},"end":{"line":142,"column":37}},"63":{"start":{"line":143,"column":10},"end":{"line":143,"column":72}},"64":{"start":{"line":147,"column":6},"end":{"line":147,"column":67}},"65":{"start":{"line":154,"column":0},"end":{"line":166,"column":3}},"66":{"start":{"line":155,"column":30},"end":{"line":155,"column":33}},"67":{"start":{"line":156,"column":2},"end":{"line":165,"column":7}},"68":{"start":{"line":158,"column":6},"end":{"line":160,"column":7}},"69":{"start":{"line":159,"column":8},"end":{"line":159,"column":35}},"70":{"start":{"line":163,"column":6},"end":{"line":163,"column":50}},"71":{"start":{"line":280,"column":13},"end":{"line":280,"column":30}},"72":{"start":{"line":281,"column":14},"end":{"line":289,"column":2}},"73":{"start":{"line":283,"column":4},"end":{"line":283,"column":31}},"74":{"start":{"line":286,"column":4},"end":{"line":286,"column":33}},"75":{"start":{"line":287,"column":4},"end":{"line":287,"column":49}},"76":{"start":{"line":290,"column":13},"end":{"line":290,"column":56}},"77":{"start":{"line":293,"column":0},"end":{"line":380,"column":3}},"78":{"start":{"line":294,"column":30},"end":{"line":294,"column":33}},"79":{"start":{"line":295,"column":2},"end":{"line":379,"column":3}},"80":{"start":{"line":296,"column":4},"end":{"line":375,"column":7}},"81":{"start":{"line":297,"column":6},"end":{"line":301,"column":7}},"82":{"start":{"line":298,"column":8},"end":{"line":298,"column":90}},"83":{"start":{"line":299,"column":13},"end":{"line":301,"column":7}},"84":{"start":{"line":300,"column":8},"end":{"line":300,"column":90}},"85":{"start":{"line":302,"column":6},"end":{"line":373,"column":11}},"86":{"start":{"line":304,"column":10},"end":{"line":306,"column":11}},"87":{"start":{"line":305,"column":12},"end":{"line":305,"column":39}},"88":{"start":{"line":307,"column":23},"end":{"line":307,"column":31}},"89":{"start":{"line":308,"column":10},"end":{"line":308,"column":52}},"90":{"start":{"line":310,"column":29},"end":{"line":310,"column":34}},"91":{"start":{"line":311,"column":29},"end":{"line":311,"column":34}},"92":{"start":{"line":312,"column":10},"end":{"line":314,"column":11}},"93":{"start":{"line":313,"column":12},"end":{"line":313,"column":32}},"94":{"start":{"line":315,"column":10},"end":{"line":317,"column":11}},"95":{"start":{"line":316,"column":12},"end":{"line":316,"column":32}},"96":{"start":{"line":319,"column":23},"end":{"line":319,"column":34}},"97":{"start":{"line":320,"column":25},"end":{"line":320,"column":27}},"98":{"start":{"line":321,"column":10},"end":{"line":321,"column":56}},"99":{"start":{"line":322,"column":10},"end":{"line":322,"column":55}},"100":{"start":{"line":323,"column":10},"end":{"line":323,"column":37}},"101":{"start":{"line":324,"column":10},"end":{"line":324,"column":40}},"102":{"start":{"line":325,"column":10},"end":{"line":325,"column":66}},"103":{"start":{"line":326,"column":10},"end":{"line":326,"column":66}},"104":{"start":{"line":327,"column":10},"end":{"line":327,"column":79}},"105":{"start":{"line":328,"column":10},"end":{"line":328,"column":59}},"106":{"start":{"line":329,"column":10},"end":{"line":329,"column":41}},"107":{"start":{"line":331,"column":10},"end":{"line":337,"column":11}},"108":{"start":{"line":332,"column":30},"end":{"line":332,"column":63}},"109":{"start":{"line":333,"column":12},"end":{"line":333,"column":48}},"110":{"start":{"line":334,"column":16},"end":{"line":337,"column":11}},"111":{"start":{"line":335,"column":30},"end":{"line":335,"column":63}},"112":{"start":{"line":336,"column":12},"end":{"line":336,"column":48}},"113":{"start":{"line":338,"column":10},"end":{"line":340,"column":11}},"114":{"start":{"line":339,"column":12},"end":{"line":339,"column":48}},"115":{"start":{"line":341,"column":10},"end":{"line":341,"column":47}},"116":{"start":{"line":343,"column":26},"end":{"line":343,"column":51}},"117":{"start":{"line":344,"column":10},"end":{"line":372,"column":15}},"118":{"start":{"line":346,"column":14},"end":{"line":346,"column":55}},"119":{"start":{"line":347,"column":23},"end":{"line":347,"column":25}},"120":{"start":{"line":348,"column":14},"end":{"line":348,"column":83}},"121":{"start":{"line":349,"column":14},"end":{"line":349,"column":73}},"122":{"start":{"line":350,"column":14},"end":{"line":350,"column":97}},"123":{"start":{"line":355,"column":14},"end":{"line":368,"column":17}},"124":{"start":{"line":356,"column":16},"end":{"line":358,"column":17}},"125":{"start":{"line":357,"column":18},"end":{"line":357,"column":88}},"126":{"start":{"line":359,"column":36},"end":{"line":363,"column":17}},"127":{"start":{"line":364,"column":16},"end":{"line":364,"column":73}},"128":{"start":{"line":366,"column":16},"end":{"line":366,"column":53}},"129":{"start":{"line":367,"column":16},"end":{"line":367,"column":86}},"130":{"start":{"line":370,"column":14},"end":{"line":370,"column":45}},"131":{"start":{"line":371,"column":14},"end":{"line":371,"column":83}},"132":{"start":{"line":378,"column":4},"end":{"line":378,"column":60}},"133":{"start":{"line":384,"column":0},"end":{"line":396,"column":3}},"134":{"start":{"line":385,"column":30},"end":{"line":385,"column":33}},"135":{"start":{"line":386,"column":2},"end":{"line":395,"column":7}},"136":{"start":{"line":388,"column":6},"end":{"line":390,"column":7}},"137":{"start":{"line":389,"column":8},"end":{"line":389,"column":35}},"138":{"start":{"line":391,"column":6},"end":{"line":391,"column":57}},"139":{"start":{"line":393,"column":6},"end":{"line":393,"column":43}},"140":{"start":{"line":394,"column":6},"end":{"line":394,"column":33}},"141":{"start":{"line":399,"column":0},"end":{"line":452,"column":3}},"142":{"start":{"line":400,"column":30},"end":{"line":400,"column":33}},"143":{"start":{"line":401,"column":17},"end":{"line":401,"column":25}},"144":{"start":{"line":402,"column":2},"end":{"line":402,"column":35}},"145":{"start":{"line":407,"column":2},"end":{"line":409,"column":3}},"146":{"start":{"line":408,"column":4},"end":{"line":408,"column":33}},"147":{"start":{"line":410,"column":2},"end":{"line":412,"column":3}},"148":{"start":{"line":411,"column":4},"end":{"line":411,"column":33}},"149":{"start":{"line":413,"column":2},"end":{"line":440,"column":7}},"150":{"start":{"line":415,"column":6},"end":{"line":417,"column":7}},"151":{"start":{"line":416,"column":8},"end":{"line":416,"column":35}},"152":{"start":{"line":418,"column":19},"end":{"line":418,"column":30}},"153":{"start":{"line":419,"column":15},"end":{"line":419,"column":17}},"154":{"start":{"line":420,"column":6},"end":{"line":420,"column":75}},"155":{"start":{"line":421,"column":6},"end":{"line":421,"column":65}},"156":{"start":{"line":422,"column":6},"end":{"line":422,"column":89}},"157":{"start":{"line":423,"column":6},"end":{"line":436,"column":9}},"158":{"start":{"line":424,"column":8},"end":{"line":426,"column":9}},"159":{"start":{"line":425,"column":10},"end":{"line":425,"column":80}},"160":{"start":{"line":427,"column":28},"end":{"line":431,"column":9}},"161":{"start":{"line":432,"column":8},"end":{"line":432,"column":65}},"162":{"start":{"line":434,"column":8},"end":{"line":434,"column":45}},"163":{"start":{"line":435,"column":8},"end":{"line":435,"column":78}},"164":{"start":{"line":438,"column":6},"end":{"line":438,"column":37}},"165":{"start":{"line":439,"column":6},"end":{"line":439,"column":76}},"166":{"start":{"line":455,"column":0},"end":{"line":476,"column":3}},"167":{"start":{"line":456,"column":30},"end":{"line":456,"column":33}},"168":{"start":{"line":457,"column":15},"end":{"line":457,"column":30}},"169":{"start":{"line":458,"column":2},"end":{"line":475,"column":3}},"170":{"start":{"line":459,"column":4},"end":{"line":468,"column":9}},"171":{"start":{"line":461,"column":8},"end":{"line":461,"column":45}},"172":{"start":{"line":462,"column":8},"end":{"line":462,"column":74}},"173":{"start":{"line":464,"column":8},"end":{"line":464,"column":25}},"174":{"start":{"line":465,"column":8},"end":{"line":467,"column":11}},"175":{"start":{"line":470,"column":4},"end":{"line":474,"column":7}},"176":{"start":{"line":480,"column":0},"end":{"line":540,"column":3}},"177":{"start":{"line":481,"column":30},"end":{"line":481,"column":33}},"178":{"start":{"line":482,"column":15},"end":{"line":482,"column":30}},"179":{"start":{"line":483,"column":20},"end":{"line":483,"column":36}},"180":{"start":{"line":484,"column":2},"end":{"line":484,"column":33}},"181":{"start":{"line":485,"column":2},"end":{"line":539,"column":3}},"182":{"start":{"line":486,"column":4},"end":{"line":531,"column":9}},"183":{"start":{"line":489,"column":8},"end":{"line":530,"column":13}},"184":{"start":{"line":491,"column":12},"end":{"line":493,"column":13}},"185":{"start":{"line":492,"column":14},"end":{"line":492,"column":41}},"186":{"start":{"line":494,"column":25},"end":{"line":500,"column":13}},"187":{"start":{"line":501,"column":12},"end":{"line":529,"column":15}},"188":{"start":{"line":502,"column":14},"end":{"line":502,"column":32}},"189":{"start":{"line":503,"column":27},"end":{"line":503,"column":42}},"190":{"start":{"line":504,"column":23},"end":{"line":504,"column":25}},"191":{"start":{"line":505,"column":14},"end":{"line":505,"column":83}},"192":{"start":{"line":506,"column":14},"end":{"line":506,"column":73}},"193":{"start":{"line":507,"column":14},"end":{"line":507,"column":97}},"194":{"start":{"line":508,"column":14},"end":{"line":524,"column":17}},"195":{"start":{"line":509,"column":16},"end":{"line":511,"column":17}},"196":{"start":{"line":510,"column":18},"end":{"line":510,"column":90}},"197":{"start":{"line":512,"column":36},"end":{"line":516,"column":17}},"198":{"start":{"line":517,"column":16},"end":{"line":517,"column":74}},"199":{"start":{"line":521,"column":16},"end":{"line":521,"column":53}},"200":{"start":{"line":522,"column":16},"end":{"line":522,"column":64}},"201":{"start":{"line":527,"column":14},"end":{"line":527,"column":31}},"202":{"start":{"line":528,"column":14},"end":{"line":528,"column":62}},"203":{"start":{"line":533,"column":4},"end":{"line":538,"column":7}},"204":{"start":{"line":544,"column":0},"end":{"line":605,"column":3}},"205":{"start":{"line":545,"column":30},"end":{"line":545,"column":33}},"206":{"start":{"line":546,"column":15},"end":{"line":546,"column":30}},"207":{"start":{"line":547,"column":18},"end":{"line":547,"column":36}},"208":{"start":{"line":548,"column":2},"end":{"line":548,"column":24}},"209":{"start":{"line":549,"column":2},"end":{"line":604,"column":3}},"210":{"start":{"line":550,"column":4},"end":{"line":597,"column":9}},"211":{"start":{"line":553,"column":8},"end":{"line":596,"column":13}},"212":{"start":{"line":555,"column":12},"end":{"line":557,"column":13}},"213":{"start":{"line":556,"column":14},"end":{"line":556,"column":41}},"214":{"start":{"line":564,"column":12},"end":{"line":595,"column":17}},"215":{"start":{"line":568,"column":16},"end":{"line":568,"column":34}},"216":{"start":{"line":569,"column":29},"end":{"line":569,"column":44}},"217":{"start":{"line":570,"column":25},"end":{"line":570,"column":27}},"218":{"start":{"line":571,"column":16},"end":{"line":571,"column":85}},"219":{"start":{"line":572,"column":16},"end":{"line":572,"column":75}},"220":{"start":{"line":573,"column":16},"end":{"line":573,"column":99}},"221":{"start":{"line":574,"column":16},"end":{"line":590,"column":19}},"222":{"start":{"line":575,"column":18},"end":{"line":577,"column":19}},"223":{"start":{"line":576,"column":20},"end":{"line":576,"column":90}},"224":{"start":{"line":578,"column":38},"end":{"line":582,"column":19}},"225":{"start":{"line":583,"column":18},"end":{"line":583,"column":75}},"226":{"start":{"line":587,"column":18},"end":{"line":587,"column":55}},"227":{"start":{"line":588,"column":18},"end":{"line":588,"column":64}},"228":{"start":{"line":593,"column":16},"end":{"line":593,"column":33}},"229":{"start":{"line":594,"column":16},"end":{"line":594,"column":62}},"230":{"start":{"line":599,"column":4},"end":{"line":603,"column":7}},"231":{"start":{"line":607,"column":0},"end":{"line":653,"column":3}},"232":{"start":{"line":608,"column":2},"end":{"line":608,"column":45}},"233":{"start":{"line":609,"column":14},"end":{"line":609,"column":34}},"234":{"start":{"line":610,"column":16},"end":{"line":610,"column":31}},"235":{"start":{"line":611,"column":2},"end":{"line":652,"column":7}},"236":{"start":{"line":613,"column":6},"end":{"line":613,"column":39}},"237":{"start":{"line":614,"column":6},"end":{"line":647,"column":7}},"238":{"start":{"line":615,"column":18},"end":{"line":615,"column":40}},"239":{"start":{"line":616,"column":8},"end":{"line":616,"column":51}},"240":{"start":{"line":617,"column":8},"end":{"line":626,"column":11}},"241":{"start":{"line":618,"column":10},"end":{"line":618,"column":45}},"242":{"start":{"line":619,"column":10},"end":{"line":622,"column":15}},"243":{"start":{"line":621,"column":14},"end":{"line":621,"column":62}},"244":{"start":{"line":624,"column":10},"end":{"line":624,"column":33}},"245":{"start":{"line":625,"column":10},"end":{"line":625,"column":72}},"246":{"start":{"line":629,"column":8},"end":{"line":629,"column":41}},"247":{"start":{"line":630,"column":22},"end":{"line":630,"column":24}},"248":{"start":{"line":631,"column":8},"end":{"line":631,"column":32}},"249":{"start":{"line":632,"column":8},"end":{"line":632,"column":34}},"250":{"start":{"line":635,"column":8},"end":{"line":635,"column":96}},"251":{"start":{"line":636,"column":8},"end":{"line":636,"column":93}},"252":{"start":{"line":637,"column":8},"end":{"line":637,"column":50}},"253":{"start":{"line":638,"column":8},"end":{"line":638,"column":32}},"254":{"start":{"line":640,"column":8},"end":{"line":640,"column":59}},"255":{"start":{"line":641,"column":8},"end":{"line":641,"column":83}},"256":{"start":{"line":642,"column":8},"end":{"line":642,"column":39}},"257":{"start":{"line":643,"column":26},"end":{"line":643,"column":44}},"258":{"start":{"line":644,"column":8},"end":{"line":644,"column":50}},"259":{"start":{"line":645,"column":8},"end":{"line":646,"column":75}},"260":{"start":{"line":646,"column":26},"end":{"line":646,"column":73}},"261":{"start":{"line":650,"column":6},"end":{"line":650,"column":23}},"262":{"start":{"line":651,"column":6},"end":{"line":651,"column":66}},"263":{"start":{"line":655,"column":0},"end":{"line":676,"column":3}},"264":{"start":{"line":656,"column":30},"end":{"line":656,"column":33}},"265":{"start":{"line":657,"column":2},"end":{"line":657,"column":18}},"266":{"start":{"line":658,"column":2},"end":{"line":658,"column":43}},"267":{"start":{"line":659,"column":2},"end":{"line":674,"column":3}},"268":{"start":{"line":660,"column":4},"end":{"line":667,"column":9}},"269":{"start":{"line":662,"column":8},"end":{"line":662,"column":41}},"270":{"start":{"line":663,"column":8},"end":{"line":666,"column":11}},"271":{"start":{"line":670,"column":4},"end":{"line":673,"column":7}},"272":{"start":{"line":678,"column":0},"end":{"line":705,"column":3}},"273":{"start":{"line":679,"column":30},"end":{"line":679,"column":33}},"274":{"start":{"line":680,"column":2},"end":{"line":680,"column":18}},"275":{"start":{"line":681,"column":2},"end":{"line":703,"column":3}},"276":{"start":{"line":682,"column":4},"end":{"line":696,"column":7}},"277":{"start":{"line":683,"column":6},"end":{"line":683,"column":41}},"278":{"start":{"line":684,"column":6},"end":{"line":691,"column":7}},"279":{"start":{"line":685,"column":8},"end":{"line":685,"column":30}},"280":{"start":{"line":686,"column":8},"end":{"line":686,"column":64}},"281":{"start":{"line":689,"column":8},"end":{"line":689,"column":30}},"282":{"start":{"line":690,"column":8},"end":{"line":690,"column":64}},"283":{"start":{"line":694,"column":6},"end":{"line":694,"column":29}},"284":{"start":{"line":695,"column":6},"end":{"line":695,"column":68}},"285":{"start":{"line":700,"column":4},"end":{"line":702,"column":7}},"286":{"start":{"line":707,"column":0},"end":{"line":722,"column":3}},"287":{"start":{"line":708,"column":21},"end":{"line":708,"column":37}},"288":{"start":{"line":709,"column":22},"end":{"line":709,"column":38}},"289":{"start":{"line":710,"column":21},"end":{"line":710,"column":36}},"290":{"start":{"line":711,"column":2},"end":{"line":721,"column":5}},"291":{"start":{"line":712,"column":19},"end":{"line":716,"column":5}},"292":{"start":{"line":717,"column":4},"end":{"line":717,"column":68}},"293":{"start":{"line":719,"column":4},"end":{"line":719,"column":27}},"294":{"start":{"line":720,"column":4},"end":{"line":720,"column":66}},"295":{"start":{"line":724,"column":0},"end":{"line":784,"column":3}},"296":{"start":{"line":725,"column":13},"end":{"line":725,"column":28}},"297":{"start":{"line":727,"column":2},"end":{"line":727,"column":50}},"298":{"start":{"line":728,"column":2},"end":{"line":728,"column":27}},"299":{"start":{"line":729,"column":11},"end":{"line":729,"column":13}},"300":{"start":{"line":734,"column":2},"end":{"line":762,"column":3}},"301":{"start":{"line":735,"column":4},"end":{"line":735,"column":27}},"302":{"start":{"line":736,"column":4},"end":{"line":736,"column":28}},"303":{"start":{"line":737,"column":4},"end":{"line":737,"column":25}},"304":{"start":{"line":738,"column":4},"end":{"line":738,"column":23}},"305":{"start":{"line":739,"column":4},"end":{"line":739,"column":32}},"306":{"start":{"line":740,"column":4},"end":{"line":740,"column":33}},"307":{"start":{"line":741,"column":4},"end":{"line":741,"column":30}},"308":{"start":{"line":742,"column":4},"end":{"line":742,"column":31}},"309":{"start":{"line":743,"column":8},"end":{"line":762,"column":3}},"310":{"start":{"line":744,"column":4},"end":{"line":744,"column":27}},"311":{"start":{"line":745,"column":4},"end":{"line":745,"column":28}},"312":{"start":{"line":746,"column":4},"end":{"line":746,"column":30}},"313":{"start":{"line":747,"column":4},"end":{"line":747,"column":23}},"314":{"start":{"line":748,"column":4},"end":{"line":748,"column":32}},"315":{"start":{"line":749,"column":4},"end":{"line":749,"column":33}},"316":{"start":{"line":750,"column":4},"end":{"line":750,"column":43}},"317":{"start":{"line":751,"column":4},"end":{"line":751,"column":31}},"318":{"start":{"line":753,"column":7},"end":{"line":762,"column":3}},"319":{"start":{"line":754,"column":4},"end":{"line":754,"column":32}},"320":{"start":{"line":755,"column":4},"end":{"line":755,"column":27}},"321":{"start":{"line":756,"column":4},"end":{"line":756,"column":30}},"322":{"start":{"line":757,"column":4},"end":{"line":757,"column":28}},"323":{"start":{"line":758,"column":4},"end":{"line":758,"column":32}},"324":{"start":{"line":759,"column":4},"end":{"line":759,"column":49}},"325":{"start":{"line":760,"column":4},"end":{"line":760,"column":43}},"326":{"start":{"line":761,"column":4},"end":{"line":761,"column":33}},"327":{"start":{"line":763,"column":2},"end":{"line":763,"column":30}},"328":{"start":{"line":764,"column":2},"end":{"line":783,"column":5}},"329":{"start":{"line":772,"column":19},"end":{"line":778,"column":5}},"330":{"start":{"line":779,"column":4},"end":{"line":779,"column":68}},"331":{"start":{"line":781,"column":4},"end":{"line":781,"column":27}},"332":{"start":{"line":782,"column":4},"end":{"line":782,"column":66}},"333":{"start":{"line":787,"column":0},"end":{"line":807,"column":3}},"334":{"start":{"line":788,"column":30},"end":{"line":788,"column":33}},"335":{"start":{"line":789,"column":2},"end":{"line":806,"column":3}},"336":{"start":{"line":790,"column":2},"end":{"line":799,"column":7}},"337":{"start":{"line":792,"column":6},"end":{"line":794,"column":7}},"338":{"start":{"line":793,"column":8},"end":{"line":793,"column":50}},"339":{"start":{"line":795,"column":6},"end":{"line":795,"column":66}},"340":{"start":{"line":797,"column":6},"end":{"line":797,"column":55}},"341":{"start":{"line":798,"column":6},"end":{"line":798,"column":48}},"342":{"start":{"line":802,"column":4},"end":{"line":805,"column":7}},"343":{"start":{"line":809,"column":0},"end":{"line":845,"column":3}},"344":{"start":{"line":810,"column":30},"end":{"line":810,"column":33}},"345":{"start":{"line":811,"column":17},"end":{"line":811,"column":25}},"346":{"start":{"line":812,"column":2},"end":{"line":844,"column":3}},"347":{"start":{"line":813,"column":16},"end":{"line":813,"column":18}},"348":{"start":{"line":814,"column":4},"end":{"line":816,"column":7}},"349":{"start":{"line":815,"column":6},"end":{"line":815,"column":35}},"350":{"start":{"line":817,"column":4},"end":{"line":817,"column":25}},"351":{"start":{"line":818,"column":4},"end":{"line":836,"column":7}},"352":{"start":{"line":824,"column":4},"end":{"line":824,"column":28}},"353":{"start":{"line":825,"column":4},"end":{"line":834,"column":9}},"354":{"start":{"line":827,"column":8},"end":{"line":829,"column":9}},"355":{"start":{"line":828,"column":10},"end":{"line":828,"column":52}},"356":{"start":{"line":830,"column":8},"end":{"line":830,"column":68}},"357":{"start":{"line":832,"column":8},"end":{"line":832,"column":65}},"358":{"start":{"line":833,"column":8},"end":{"line":833,"column":50}},"359":{"start":{"line":840,"column":4},"end":{"line":843,"column":7}},"360":{"start":{"line":847,"column":17},"end":{"line":847,"column":49}},"361":{"start":{"line":850,"column":0},"end":{"line":853,"column":3}},"362":{"start":{"line":851,"column":2},"end":{"line":851,"column":42}},"363":{"start":{"line":852,"column":2},"end":{"line":852,"column":61}},"364":{"start":{"line":857,"column":0},"end":{"line":875,"column":3}},"365":{"start":{"line":858,"column":17},"end":{"line":858,"column":25}},"366":{"start":{"line":859,"column":2},"end":{"line":874,"column":5}},"367":{"start":{"line":861,"column":4},"end":{"line":863,"column":5}},"368":{"start":{"line":862,"column":6},"end":{"line":862,"column":73}},"369":{"start":{"line":864,"column":22},"end":{"line":864,"column":41}},"370":{"start":{"line":865,"column":4},"end":{"line":865,"column":52}},"371":{"start":{"line":866,"column":4},"end":{"line":869,"column":7}},"372":{"start":{"line":867,"column":6},"end":{"line":867,"column":40}},"373":{"start":{"line":868,"column":6},"end":{"line":868,"column":50}},"374":{"start":{"line":872,"column":4},"end":{"line":872,"column":60}},"375":{"start":{"line":873,"column":4},"end":{"line":873,"column":103}},"376":{"start":{"line":877,"column":0},"end":{"line":893,"column":3}},"377":{"start":{"line":878,"column":2},"end":{"line":878,"column":21}},"378":{"start":{"line":879,"column":2},"end":{"line":888,"column":5}},"379":{"start":{"line":881,"column":4},"end":{"line":883,"column":5}},"380":{"start":{"line":882,"column":6},"end":{"line":882,"column":73}},"381":{"start":{"line":884,"column":4},"end":{"line":884,"column":48}},"382":{"start":{"line":886,"column":4},"end":{"line":886,"column":60}},"383":{"start":{"line":887,"column":4},"end":{"line":887,"column":103}},"384":{"start":{"line":894,"column":0},"end":{"line":894,"column":24}}},"fnMap":{"0":{"name":"(anonymous_0)","decl":{"start":{"line":26,"column":42},"end":{"line":26,"column":43}},"loc":{"start":{"line":26,"column":56},"end":{"line":55,"column":1}},"line":26},"1":{"name":"(anonymous_1)","decl":{"start":{"line":54,"column":10},"end":{"line":54,"column":11}},"loc":{"start":{"line":54,"column":16},"end":{"line":54,"column":68}},"line":54},"2":{"name":"(anonymous_2)","decl":{"start":{"line":58,"column":54},"end":{"line":58,"column":55}},"loc":{"start":{"line":58,"column":68},"end":{"line":100,"column":1}},"line":58},"3":{"name":"(anonymous_3)","decl":{"start":{"line":81,"column":60},"end":{"line":81,"column":61}},"loc":{"start":{"line":81,"column":66},"end":{"line":88,"column":5}},"line":81},"4":{"name":"(anonymous_4)","decl":{"start":{"line":85,"column":14},"end":{"line":85,"column":15}},"loc":{"start":{"line":85,"column":29},"end":{"line":87,"column":9}},"line":85},"5":{"name":"(anonymous_5)","decl":{"start":{"line":88,"column":13},"end":{"line":88,"column":14}},"loc":{"start":{"line":88,"column":18},"end":{"line":91,"column":5}},"line":88},"6":{"name":"(anonymous_6)","decl":{"start":{"line":104,"column":37},"end":{"line":104,"column":38}},"loc":{"start":{"line":104,"column":57},"end":{"line":151,"column":1}},"line":104},"7":{"name":"(anonymous_7)","decl":{"start":{"line":126,"column":60},"end":{"line":126,"column":61}},"loc":{"start":{"line":126,"column":83},"end":{"line":150,"column":3}},"line":126},"8":{"name":"(anonymous_8)","decl":{"start":{"line":137,"column":14},"end":{"line":137,"column":15}},"loc":{"start":{"line":137,"column":24},"end":{"line":141,"column":9}},"line":137},"9":{"name":"(anonymous_9)","decl":{"start":{"line":141,"column":17},"end":{"line":141,"column":18}},"loc":{"start":{"line":141,"column":24},"end":{"line":144,"column":9}},"line":141},"10":{"name":"(anonymous_10)","decl":{"start":{"line":154,"column":49},"end":{"line":154,"column":50}},"loc":{"start":{"line":154,"column":63},"end":{"line":166,"column":1}},"line":154},"11":{"name":"(anonymous_11)","decl":{"start":{"line":157,"column":10},"end":{"line":157,"column":11}},"loc":{"start":{"line":157,"column":20},"end":{"line":165,"column":5}},"line":157},"12":{"name":"(anonymous_12)","decl":{"start":{"line":282,"column":15},"end":{"line":282,"column":16}},"loc":{"start":{"line":282,"column":40},"end":{"line":284,"column":3}},"line":282},"13":{"name":"(anonymous_13)","decl":{"start":{"line":285,"column":12},"end":{"line":285,"column":13}},"loc":{"start":{"line":285,"column":37},"end":{"line":288,"column":3}},"line":285},"14":{"name":"(anonymous_14)","decl":{"start":{"line":293,"column":41},"end":{"line":293,"column":42}},"loc":{"start":{"line":293,"column":55},"end":{"line":380,"column":1}},"line":293},"15":{"name":"(anonymous_15)","decl":{"start":{"line":296,"column":21},"end":{"line":296,"column":22}},"loc":{"start":{"line":296,"column":36},"end":{"line":375,"column":5}},"line":296},"16":{"name":"(anonymous_16)","decl":{"start":{"line":303,"column":14},"end":{"line":303,"column":15}},"loc":{"start":{"line":303,"column":24},"end":{"line":373,"column":9}},"line":303},"17":{"name":"(anonymous_17)","decl":{"start":{"line":345,"column":18},"end":{"line":345,"column":19}},"loc":{"start":{"line":345,"column":28},"end":{"line":369,"column":13}},"line":345},"18":{"name":"(anonymous_18)","decl":{"start":{"line":355,"column":37},"end":{"line":355,"column":38}},"loc":{"start":{"line":355,"column":54},"end":{"line":365,"column":15}},"line":355},"19":{"name":"(anonymous_19)","decl":{"start":{"line":365,"column":23},"end":{"line":365,"column":24}},"loc":{"start":{"line":365,"column":35},"end":{"line":368,"column":15}},"line":365},"20":{"name":"(anonymous_20)","decl":{"start":{"line":369,"column":21},"end":{"line":369,"column":22}},"loc":{"start":{"line":369,"column":30},"end":{"line":372,"column":13}},"line":369},"21":{"name":"(anonymous_21)","decl":{"start":{"line":384,"column":42},"end":{"line":384,"column":43}},"loc":{"start":{"line":384,"column":56},"end":{"line":396,"column":1}},"line":384},"22":{"name":"(anonymous_22)","decl":{"start":{"line":387,"column":10},"end":{"line":387,"column":11}},"loc":{"start":{"line":387,"column":28},"end":{"line":392,"column":5}},"line":387},"23":{"name":"(anonymous_23)","decl":{"start":{"line":392,"column":13},"end":{"line":392,"column":14}},"loc":{"start":{"line":392,"column":25},"end":{"line":395,"column":5}},"line":392},"24":{"name":"(anonymous_24)","decl":{"start":{"line":399,"column":43},"end":{"line":399,"column":44}},"loc":{"start":{"line":399,"column":57},"end":{"line":452,"column":1}},"line":399},"25":{"name":"(anonymous_25)","decl":{"start":{"line":414,"column":10},"end":{"line":414,"column":11}},"loc":{"start":{"line":414,"column":20},"end":{"line":437,"column":5}},"line":414},"26":{"name":"(anonymous_26)","decl":{"start":{"line":423,"column":29},"end":{"line":423,"column":30}},"loc":{"start":{"line":423,"column":46},"end":{"line":433,"column":7}},"line":423},"27":{"name":"(anonymous_27)","decl":{"start":{"line":433,"column":15},"end":{"line":433,"column":16}},"loc":{"start":{"line":433,"column":27},"end":{"line":436,"column":7}},"line":433},"28":{"name":"(anonymous_28)","decl":{"start":{"line":437,"column":13},"end":{"line":437,"column":14}},"loc":{"start":{"line":437,"column":22},"end":{"line":440,"column":5}},"line":437},"29":{"name":"(anonymous_29)","decl":{"start":{"line":455,"column":42},"end":{"line":455,"column":43}},"loc":{"start":{"line":455,"column":56},"end":{"line":476,"column":1}},"line":455},"30":{"name":"(anonymous_30)","decl":{"start":{"line":460,"column":12},"end":{"line":460,"column":13}},"loc":{"start":{"line":460,"column":28},"end":{"line":463,"column":7}},"line":460},"31":{"name":"(anonymous_31)","decl":{"start":{"line":463,"column":15},"end":{"line":463,"column":16}},"loc":{"start":{"line":463,"column":20},"end":{"line":468,"column":7}},"line":463},"32":{"name":"(anonymous_32)","decl":{"start":{"line":480,"column":43},"end":{"line":480,"column":44}},"loc":{"start":{"line":480,"column":57},"end":{"line":540,"column":1}},"line":480},"33":{"name":"(anonymous_33)","decl":{"start":{"line":487,"column":12},"end":{"line":487,"column":13}},"loc":{"start":{"line":487,"column":26},"end":{"line":531,"column":7}},"line":487},"34":{"name":"(anonymous_34)","decl":{"start":{"line":490,"column":16},"end":{"line":490,"column":17}},"loc":{"start":{"line":490,"column":35},"end":{"line":530,"column":11}},"line":490},"35":{"name":"(anonymous_35)","decl":{"start":{"line":501,"column":75},"end":{"line":501,"column":76}},"loc":{"start":{"line":501,"column":81},"end":{"line":526,"column":13}},"line":501},"36":{"name":"(anonymous_36)","decl":{"start":{"line":508,"column":37},"end":{"line":508,"column":38}},"loc":{"start":{"line":508,"column":54},"end":{"line":520,"column":15}},"line":508},"37":{"name":"(anonymous_37)","decl":{"start":{"line":520,"column":23},"end":{"line":520,"column":24}},"loc":{"start":{"line":520,"column":35},"end":{"line":524,"column":15}},"line":520},"38":{"name":"(anonymous_38)","decl":{"start":{"line":526,"column":21},"end":{"line":526,"column":22}},"loc":{"start":{"line":526,"column":26},"end":{"line":529,"column":13}},"line":526},"39":{"name":"(anonymous_39)","decl":{"start":{"line":544,"column":49},"end":{"line":544,"column":50}},"loc":{"start":{"line":544,"column":63},"end":{"line":605,"column":1}},"line":544},"40":{"name":"(anonymous_40)","decl":{"start":{"line":551,"column":12},"end":{"line":551,"column":13}},"loc":{"start":{"line":551,"column":26},"end":{"line":597,"column":7}},"line":551},"41":{"name":"(anonymous_41)","decl":{"start":{"line":554,"column":16},"end":{"line":554,"column":17}},"loc":{"start":{"line":554,"column":35},"end":{"line":596,"column":11}},"line":554},"42":{"name":"(anonymous_42)","decl":{"start":{"line":567,"column":20},"end":{"line":567,"column":21}},"loc":{"start":{"line":567,"column":26},"end":{"line":592,"column":15}},"line":567},"43":{"name":"(anonymous_43)","decl":{"start":{"line":574,"column":39},"end":{"line":574,"column":40}},"loc":{"start":{"line":574,"column":56},"end":{"line":586,"column":17}},"line":574},"44":{"name":"(anonymous_44)","decl":{"start":{"line":586,"column":25},"end":{"line":586,"column":26}},"loc":{"start":{"line":586,"column":37},"end":{"line":590,"column":17}},"line":586},"45":{"name":"(anonymous_45)","decl":{"start":{"line":592,"column":23},"end":{"line":592,"column":24}},"loc":{"start":{"line":592,"column":28},"end":{"line":595,"column":15}},"line":592},"46":{"name":"(anonymous_46)","decl":{"start":{"line":607,"column":30},"end":{"line":607,"column":31}},"loc":{"start":{"line":607,"column":44},"end":{"line":653,"column":1}},"line":607},"47":{"name":"(anonymous_47)","decl":{"start":{"line":612,"column":10},"end":{"line":612,"column":11}},"loc":{"start":{"line":612,"column":24},"end":{"line":649,"column":5}},"line":612},"48":{"name":"(anonymous_48)","decl":{"start":{"line":617,"column":103},"end":{"line":617,"column":104}},"loc":{"start":{"line":617,"column":109},"end":{"line":623,"column":9}},"line":617},"49":{"name":"(anonymous_49)","decl":{"start":{"line":620,"column":18},"end":{"line":620,"column":19}},"loc":{"start":{"line":620,"column":33},"end":{"line":622,"column":13}},"line":620},"50":{"name":"(anonymous_50)","decl":{"start":{"line":623,"column":17},"end":{"line":623,"column":18}},"loc":{"start":{"line":623,"column":22},"end":{"line":626,"column":9}},"line":623},"51":{"name":"(anonymous_51)","decl":{"start":{"line":646,"column":16},"end":{"line":646,"column":17}},"loc":{"start":{"line":646,"column":26},"end":{"line":646,"column":73}},"line":646},"52":{"name":"(anonymous_52)","decl":{"start":{"line":649,"column":13},"end":{"line":649,"column":14}},"loc":{"start":{"line":649,"column":18},"end":{"line":652,"column":5}},"line":649},"53":{"name":"(anonymous_53)","decl":{"start":{"line":655,"column":41},"end":{"line":655,"column":42}},"loc":{"start":{"line":655,"column":55},"end":{"line":676,"column":1}},"line":655},"54":{"name":"(anonymous_54)","decl":{"start":{"line":661,"column":12},"end":{"line":661,"column":13}},"loc":{"start":{"line":661,"column":26},"end":{"line":667,"column":7}},"line":661},"55":{"name":"(anonymous_55)","decl":{"start":{"line":678,"column":36},"end":{"line":678,"column":37}},"loc":{"start":{"line":678,"column":54},"end":{"line":705,"column":1}},"line":678},"56":{"name":"(anonymous_56)","decl":{"start":{"line":682,"column":61},"end":{"line":682,"column":62}},"loc":{"start":{"line":682,"column":67},"end":{"line":693,"column":5}},"line":682},"57":{"name":"(anonymous_57)","decl":{"start":{"line":693,"column":13},"end":{"line":693,"column":14}},"loc":{"start":{"line":693,"column":18},"end":{"line":696,"column":5}},"line":693},"58":{"name":"(anonymous_58)","decl":{"start":{"line":707,"column":26},"end":{"line":707,"column":27}},"loc":{"start":{"line":707,"column":44},"end":{"line":722,"column":1}},"line":707},"59":{"name":"(anonymous_59)","decl":{"start":{"line":711,"column":63},"end":{"line":711,"column":64}},"loc":{"start":{"line":711,"column":80},"end":{"line":718,"column":3}},"line":711},"60":{"name":"(anonymous_60)","decl":{"start":{"line":718,"column":11},"end":{"line":718,"column":12}},"loc":{"start":{"line":718,"column":16},"end":{"line":721,"column":3}},"line":718},"61":{"name":"(anonymous_61)","decl":{"start":{"line":724,"column":30},"end":{"line":724,"column":31}},"loc":{"start":{"line":724,"column":48},"end":{"line":784,"column":1}},"line":724},"62":{"name":"(anonymous_62)","decl":{"start":{"line":764,"column":25},"end":{"line":764,"column":26}},"loc":{"start":{"line":764,"column":42},"end":{"line":780,"column":3}},"line":764},"63":{"name":"(anonymous_63)","decl":{"start":{"line":780,"column":11},"end":{"line":780,"column":12}},"loc":{"start":{"line":780,"column":16},"end":{"line":783,"column":3}},"line":780},"64":{"name":"(anonymous_64)","decl":{"start":{"line":787,"column":45},"end":{"line":787,"column":46}},"loc":{"start":{"line":787,"column":59},"end":{"line":807,"column":1}},"line":787},"65":{"name":"(anonymous_65)","decl":{"start":{"line":791,"column":10},"end":{"line":791,"column":11}},"loc":{"start":{"line":791,"column":24},"end":{"line":796,"column":5}},"line":791},"66":{"name":"(anonymous_66)","decl":{"start":{"line":796,"column":13},"end":{"line":796,"column":14}},"loc":{"start":{"line":796,"column":31},"end":{"line":799,"column":5}},"line":796},"67":{"name":"(anonymous_67)","decl":{"start":{"line":809,"column":47},"end":{"line":809,"column":48}},"loc":{"start":{"line":809,"column":61},"end":{"line":845,"column":1}},"line":809},"68":{"name":"(anonymous_68)","decl":{"start":{"line":814,"column":36},"end":{"line":814,"column":37}},"loc":{"start":{"line":814,"column":51},"end":{"line":816,"column":5}},"line":814},"69":{"name":"(anonymous_69)","decl":{"start":{"line":822,"column":10},"end":{"line":822,"column":11}},"loc":{"start":{"line":822,"column":26},"end":{"line":836,"column":5}},"line":822},"70":{"name":"(anonymous_70)","decl":{"start":{"line":826,"column":12},"end":{"line":826,"column":13}},"loc":{"start":{"line":826,"column":26},"end":{"line":831,"column":7}},"line":826},"71":{"name":"(anonymous_71)","decl":{"start":{"line":831,"column":15},"end":{"line":831,"column":16}},"loc":{"start":{"line":831,"column":37},"end":{"line":834,"column":7}},"line":831},"72":{"name":"(anonymous_72)","decl":{"start":{"line":850,"column":52},"end":{"line":850,"column":53}},"loc":{"start":{"line":850,"column":66},"end":{"line":853,"column":1}},"line":850},"73":{"name":"(anonymous_73)","decl":{"start":{"line":857,"column":45},"end":{"line":857,"column":46}},"loc":{"start":{"line":857,"column":59},"end":{"line":875,"column":1}},"line":857},"74":{"name":"(anonymous_74)","decl":{"start":{"line":860,"column":8},"end":{"line":860,"column":9}},"loc":{"start":{"line":860,"column":22},"end":{"line":871,"column":3}},"line":860},"75":{"name":"(anonymous_75)","decl":{"start":{"line":866,"column":26},"end":{"line":866,"column":27}},"loc":{"start":{"line":866,"column":32},"end":{"line":869,"column":5}},"line":866},"76":{"name":"(anonymous_76)","decl":{"start":{"line":871,"column":11},"end":{"line":871,"column":12}},"loc":{"start":{"line":871,"column":32},"end":{"line":874,"column":3}},"line":871},"77":{"name":"(anonymous_77)","decl":{"start":{"line":877,"column":46},"end":{"line":877,"column":47}},"loc":{"start":{"line":877,"column":60},"end":{"line":893,"column":1}},"line":877},"78":{"name":"(anonymous_78)","decl":{"start":{"line":880,"column":8},"end":{"line":880,"column":9}},"loc":{"start":{"line":880,"column":22},"end":{"line":885,"column":3}},"line":880},"79":{"name":"(anonymous_79)","decl":{"start":{"line":885,"column":11},"end":{"line":885,"column":12}},"loc":{"start":{"line":885,"column":32},"end":{"line":888,"column":3}},"line":885},"80":{"name":"getContent","decl":{"start":{"line":890,"column":11},"end":{"line":890,"column":21}},"loc":{"start":{"line":890,"column":23},"end":{"line":892,"column":3}},"line":890}},"branchMap":{"0":{"loc":{"start":{"line":30,"column":2},"end":{"line":37,"column":3}},"type":"if","locations":[{"start":{"line":30,"column":2},"end":{"line":37,"column":3}},{"start":{"line":30,"column":2},"end":{"line":37,"column":3}}],"line":30},"1":{"loc":{"start":{"line":39,"column":2},"end":{"line":46,"column":3}},"type":"if","locations":[{"start":{"line":39,"column":2},"end":{"line":46,"column":3}},{"start":{"line":39,"column":2},"end":{"line":46,"column":3}}],"line":39},"2":{"loc":{"start":{"line":60,"column":2},"end":{"line":98,"column":3}},"type":"if","locations":[{"start":{"line":60,"column":2},"end":{"line":98,"column":3}},{"start":{"line":60,"column":2},"end":{"line":98,"column":3}}],"line":60},"3":{"loc":{"start":{"line":64,"column":4},"end":{"line":68,"column":5}},"type":"if","locations":[{"start":{"line":64,"column":4},"end":{"line":68,"column":5}},{"start":{"line":64,"column":4},"end":{"line":68,"column":5}}],"line":64},"4":{"loc":{"start":{"line":64,"column":7},"end":{"line":64,"column":66}},"type":"binary-expr","locations":[{"start":{"line":64,"column":7},"end":{"line":64,"column":19}},{"start":{"line":64,"column":23},"end":{"line":64,"column":32}},{"start":{"line":64,"column":36},"end":{"line":64,"column":45}},{"start":{"line":64,"column":49},"end":{"line":64,"column":66}}],"line":64},"5":{"loc":{"start":{"line":74,"column":17},"end":{"line":74,"column":56}},"type":"cond-expr","locations":[{"start":{"line":74,"column":35},"end":{"line":74,"column":50}},{"start":{"line":74,"column":54},"end":{"line":74,"column":56}}],"line":74},"6":{"loc":{"start":{"line":75,"column":15},"end":{"line":75,"column":49}},"type":"cond-expr","locations":[{"start":{"line":75,"column":31},"end":{"line":75,"column":44}},{"start":{"line":75,"column":47},"end":{"line":75,"column":49}}],"line":75},"7":{"loc":{"start":{"line":76,"column":17},"end":{"line":76,"column":55}},"type":"cond-expr","locations":[{"start":{"line":76,"column":35},"end":{"line":76,"column":50}},{"start":{"line":76,"column":53},"end":{"line":76,"column":55}}],"line":76},"8":{"loc":{"start":{"line":77,"column":20},"end":{"line":77,"column":64}},"type":"cond-expr","locations":[{"start":{"line":77,"column":41},"end":{"line":77,"column":59}},{"start":{"line":77,"column":62},"end":{"line":77,"column":64}}],"line":77},"9":{"loc":{"start":{"line":78,"column":18},"end":{"line":78,"column":58}},"type":"cond-expr","locations":[{"start":{"line":78,"column":37},"end":{"line":78,"column":53}},{"start":{"line":78,"column":56},"end":{"line":78,"column":58}}],"line":78},"10":{"loc":{"start":{"line":108,"column":2},"end":{"line":115,"column":3}},"type":"if","locations":[{"start":{"line":108,"column":2},"end":{"line":115,"column":3}},{"start":{"line":108,"column":2},"end":{"line":115,"column":3}}],"line":108},"11":{"loc":{"start":{"line":117,"column":2},"end":{"line":124,"column":3}},"type":"if","locations":[{"start":{"line":117,"column":2},"end":{"line":124,"column":3}},{"start":{"line":117,"column":2},"end":{"line":124,"column":3}}],"line":117},"12":{"loc":{"start":{"line":127,"column":4},"end":{"line":130,"column":5}},"type":"if","locations":[{"start":{"line":127,"column":4},"end":{"line":130,"column":5}},{"start":{"line":127,"column":4},"end":{"line":130,"column":5}}],"line":127},"13":{"loc":{"start":{"line":131,"column":4},"end":{"line":148,"column":5}},"type":"if","locations":[{"start":{"line":131,"column":4},"end":{"line":148,"column":5}},{"start":{"line":131,"column":4},"end":{"line":148,"column":5}}],"line":131},"14":{"loc":{"start":{"line":158,"column":6},"end":{"line":160,"column":7}},"type":"if","locations":[{"start":{"line":158,"column":6},"end":{"line":160,"column":7}},{"start":{"line":158,"column":6},"end":{"line":160,"column":7}}],"line":158},"15":{"loc":{"start":{"line":295,"column":2},"end":{"line":379,"column":3}},"type":"if","locations":[{"start":{"line":295,"column":2},"end":{"line":379,"column":3}},{"start":{"line":295,"column":2},"end":{"line":379,"column":3}}],"line":295},"16":{"loc":{"start":{"line":297,"column":6},"end":{"line":301,"column":7}},"type":"if","locations":[{"start":{"line":297,"column":6},"end":{"line":301,"column":7}},{"start":{"line":297,"column":6},"end":{"line":301,"column":7}}],"line":297},"17":{"loc":{"start":{"line":299,"column":13},"end":{"line":301,"column":7}},"type":"if","locations":[{"start":{"line":299,"column":13},"end":{"line":301,"column":7}},{"start":{"line":299,"column":13},"end":{"line":301,"column":7}}],"line":299},"18":{"loc":{"start":{"line":304,"column":10},"end":{"line":306,"column":11}},"type":"if","locations":[{"start":{"line":304,"column":10},"end":{"line":306,"column":11}},{"start":{"line":304,"column":10},"end":{"line":306,"column":11}}],"line":304},"19":{"loc":{"start":{"line":312,"column":10},"end":{"line":314,"column":11}},"type":"if","locations":[{"start":{"line":312,"column":10},"end":{"line":314,"column":11}},{"start":{"line":312,"column":10},"end":{"line":314,"column":11}}],"line":312},"20":{"loc":{"start":{"line":315,"column":10},"end":{"line":317,"column":11}},"type":"if","locations":[{"start":{"line":315,"column":10},"end":{"line":317,"column":11}},{"start":{"line":315,"column":10},"end":{"line":317,"column":11}}],"line":315},"21":{"loc":{"start":{"line":321,"column":35},"end":{"line":321,"column":53}},"type":"binary-expr","locations":[{"start":{"line":321,"column":35},"end":{"line":321,"column":48}},{"start":{"line":321,"column":51},"end":{"line":321,"column":53}}],"line":321},"22":{"loc":{"start":{"line":322,"column":33},"end":{"line":322,"column":54}},"type":"binary-expr","locations":[{"start":{"line":322,"column":33},"end":{"line":322,"column":48}},{"start":{"line":322,"column":52},"end":{"line":322,"column":54}}],"line":322},"23":{"loc":{"start":{"line":325,"column":36},"end":{"line":325,"column":65}},"type":"cond-expr","locations":[{"start":{"line":325,"column":53},"end":{"line":325,"column":57}},{"start":{"line":325,"column":60},"end":{"line":325,"column":65}}],"line":325},"24":{"loc":{"start":{"line":326,"column":36},"end":{"line":326,"column":65}},"type":"cond-expr","locations":[{"start":{"line":326,"column":53},"end":{"line":326,"column":57}},{"start":{"line":326,"column":60},"end":{"line":326,"column":65}}],"line":326},"25":{"loc":{"start":{"line":327,"column":32},"end":{"line":327,"column":78}},"type":"cond-expr","locations":[{"start":{"line":327,"column":54},"end":{"line":327,"column":73}},{"start":{"line":327,"column":76},"end":{"line":327,"column":78}}],"line":327},"26":{"loc":{"start":{"line":328,"column":25},"end":{"line":328,"column":57}},"type":"cond-expr","locations":[{"start":{"line":328,"column":40},"end":{"line":328,"column":52}},{"start":{"line":328,"column":55},"end":{"line":328,"column":57}}],"line":328},"27":{"loc":{"start":{"line":331,"column":10},"end":{"line":337,"column":11}},"type":"if","locations":[{"start":{"line":331,"column":10},"end":{"line":337,"column":11}},{"start":{"line":331,"column":10},"end":{"line":337,"column":11}}],"line":331},"28":{"loc":{"start":{"line":331,"column":13},"end":{"line":331,"column":60}},"type":"binary-expr","locations":[{"start":{"line":331,"column":13},"end":{"line":331,"column":21}},{"start":{"line":331,"column":25},"end":{"line":331,"column":60}}],"line":331},"29":{"loc":{"start":{"line":332,"column":30},"end":{"line":332,"column":63}},"type":"cond-expr","locations":[{"start":{"line":332,"column":41},"end":{"line":332,"column":58}},{"start":{"line":332,"column":61},"end":{"line":332,"column":63}}],"line":332},"30":{"loc":{"start":{"line":334,"column":16},"end":{"line":337,"column":11}},"type":"if","locations":[{"start":{"line":334,"column":16},"end":{"line":337,"column":11}},{"start":{"line":334,"column":16},"end":{"line":337,"column":11}}],"line":334},"31":{"loc":{"start":{"line":334,"column":19},"end":{"line":334,"column":66}},"type":"binary-expr","locations":[{"start":{"line":334,"column":19},"end":{"line":334,"column":27}},{"start":{"line":334,"column":31},"end":{"line":334,"column":66}}],"line":334},"32":{"loc":{"start":{"line":335,"column":30},"end":{"line":335,"column":63}},"type":"cond-expr","locations":[{"start":{"line":335,"column":41},"end":{"line":335,"column":58}},{"start":{"line":335,"column":61},"end":{"line":335,"column":63}}],"line":335},"33":{"loc":{"start":{"line":338,"column":10},"end":{"line":340,"column":11}},"type":"if","locations":[{"start":{"line":338,"column":10},"end":{"line":340,"column":11}},{"start":{"line":338,"column":10},"end":{"line":340,"column":11}}],"line":338},"34":{"loc":{"start":{"line":356,"column":16},"end":{"line":358,"column":17}},"type":"if","locations":[{"start":{"line":356,"column":16},"end":{"line":358,"column":17}},{"start":{"line":356,"column":16},"end":{"line":358,"column":17}}],"line":356},"35":{"loc":{"start":{"line":388,"column":6},"end":{"line":390,"column":7}},"type":"if","locations":[{"start":{"line":388,"column":6},"end":{"line":390,"column":7}},{"start":{"line":388,"column":6},"end":{"line":390,"column":7}}],"line":388},"36":{"loc":{"start":{"line":407,"column":2},"end":{"line":409,"column":3}},"type":"if","locations":[{"start":{"line":407,"column":2},"end":{"line":409,"column":3}},{"start":{"line":407,"column":2},"end":{"line":409,"column":3}}],"line":407},"37":{"loc":{"start":{"line":407,"column":5},"end":{"line":407,"column":41}},"type":"binary-expr","locations":[{"start":{"line":407,"column":5},"end":{"line":407,"column":22}},{"start":{"line":407,"column":26},"end":{"line":407,"column":41}}],"line":407},"38":{"loc":{"start":{"line":410,"column":2},"end":{"line":412,"column":3}},"type":"if","locations":[{"start":{"line":410,"column":2},"end":{"line":412,"column":3}},{"start":{"line":410,"column":2},"end":{"line":412,"column":3}}],"line":410},"39":{"loc":{"start":{"line":410,"column":5},"end":{"line":410,"column":41}},"type":"binary-expr","locations":[{"start":{"line":410,"column":5},"end":{"line":410,"column":22}},{"start":{"line":410,"column":26},"end":{"line":410,"column":41}}],"line":410},"40":{"loc":{"start":{"line":415,"column":6},"end":{"line":417,"column":7}},"type":"if","locations":[{"start":{"line":415,"column":6},"end":{"line":417,"column":7}},{"start":{"line":415,"column":6},"end":{"line":417,"column":7}}],"line":415},"41":{"loc":{"start":{"line":424,"column":8},"end":{"line":426,"column":9}},"type":"if","locations":[{"start":{"line":424,"column":8},"end":{"line":426,"column":9}},{"start":{"line":424,"column":8},"end":{"line":426,"column":9}}],"line":424},"42":{"loc":{"start":{"line":458,"column":2},"end":{"line":475,"column":3}},"type":"if","locations":[{"start":{"line":458,"column":2},"end":{"line":475,"column":3}},{"start":{"line":458,"column":2},"end":{"line":475,"column":3}}],"line":458},"43":{"loc":{"start":{"line":485,"column":2},"end":{"line":539,"column":3}},"type":"if","locations":[{"start":{"line":485,"column":2},"end":{"line":539,"column":3}},{"start":{"line":485,"column":2},"end":{"line":539,"column":3}}],"line":485},"44":{"loc":{"start":{"line":491,"column":12},"end":{"line":493,"column":13}},"type":"if","locations":[{"start":{"line":491,"column":12},"end":{"line":493,"column":13}},{"start":{"line":491,"column":12},"end":{"line":493,"column":13}}],"line":491},"45":{"loc":{"start":{"line":499,"column":25},"end":{"line":499,"column":60}},"type":"cond-expr","locations":[{"start":{"line":499,"column":36},"end":{"line":499,"column":55}},{"start":{"line":499,"column":58},"end":{"line":499,"column":60}}],"line":499},"46":{"loc":{"start":{"line":509,"column":16},"end":{"line":511,"column":17}},"type":"if","locations":[{"start":{"line":509,"column":16},"end":{"line":511,"column":17}},{"start":{"line":509,"column":16},"end":{"line":511,"column":17}}],"line":509},"47":{"loc":{"start":{"line":549,"column":2},"end":{"line":604,"column":3}},"type":"if","locations":[{"start":{"line":549,"column":2},"end":{"line":604,"column":3}},{"start":{"line":549,"column":2},"end":{"line":604,"column":3}}],"line":549},"48":{"loc":{"start":{"line":555,"column":12},"end":{"line":557,"column":13}},"type":"if","locations":[{"start":{"line":555,"column":12},"end":{"line":557,"column":13}},{"start":{"line":555,"column":12},"end":{"line":557,"column":13}}],"line":555},"49":{"loc":{"start":{"line":575,"column":18},"end":{"line":577,"column":19}},"type":"if","locations":[{"start":{"line":575,"column":18},"end":{"line":577,"column":19}},{"start":{"line":575,"column":18},"end":{"line":577,"column":19}}],"line":575},"50":{"loc":{"start":{"line":614,"column":6},"end":{"line":647,"column":7}},"type":"if","locations":[{"start":{"line":614,"column":6},"end":{"line":647,"column":7}},{"start":{"line":614,"column":6},"end":{"line":647,"column":7}}],"line":614},"51":{"loc":{"start":{"line":635,"column":26},"end":{"line":635,"column":94}},"type":"cond-expr","locations":[{"start":{"line":635,"column":59},"end":{"line":635,"column":89}},{"start":{"line":635,"column":92},"end":{"line":635,"column":94}}],"line":635},"52":{"loc":{"start":{"line":636,"column":25},"end":{"line":636,"column":91}},"type":"cond-expr","locations":[{"start":{"line":636,"column":57},"end":{"line":636,"column":86}},{"start":{"line":636,"column":89},"end":{"line":636,"column":91}}],"line":636},"53":{"loc":{"start":{"line":641,"column":24},"end":{"line":641,"column":82}},"type":"cond-expr","locations":[{"start":{"line":641,"column":52},"end":{"line":641,"column":77}},{"start":{"line":641,"column":80},"end":{"line":641,"column":82}}],"line":641},"54":{"loc":{"start":{"line":659,"column":2},"end":{"line":674,"column":3}},"type":"if","locations":[{"start":{"line":659,"column":2},"end":{"line":674,"column":3}},{"start":{"line":659,"column":2},"end":{"line":674,"column":3}}],"line":659},"55":{"loc":{"start":{"line":681,"column":2},"end":{"line":703,"column":3}},"type":"if","locations":[{"start":{"line":681,"column":2},"end":{"line":703,"column":3}},{"start":{"line":681,"column":2},"end":{"line":703,"column":3}}],"line":681},"56":{"loc":{"start":{"line":684,"column":6},"end":{"line":691,"column":7}},"type":"if","locations":[{"start":{"line":684,"column":6},"end":{"line":691,"column":7}},{"start":{"line":684,"column":6},"end":{"line":691,"column":7}}],"line":684},"57":{"loc":{"start":{"line":727,"column":7},"end":{"line":727,"column":48}},"type":"cond-expr","locations":[{"start":{"line":727,"column":23},"end":{"line":727,"column":36}},{"start":{"line":727,"column":38},"end":{"line":727,"column":48}}],"line":727},"58":{"loc":{"start":{"line":734,"column":2},"end":{"line":762,"column":3}},"type":"if","locations":[{"start":{"line":734,"column":2},"end":{"line":762,"column":3}},{"start":{"line":734,"column":2},"end":{"line":762,"column":3}}],"line":734},"59":{"loc":{"start":{"line":743,"column":8},"end":{"line":762,"column":3}},"type":"if","locations":[{"start":{"line":743,"column":8},"end":{"line":762,"column":3}},{"start":{"line":743,"column":8},"end":{"line":762,"column":3}}],"line":743},"60":{"loc":{"start":{"line":753,"column":7},"end":{"line":762,"column":3}},"type":"if","locations":[{"start":{"line":753,"column":7},"end":{"line":762,"column":3}},{"start":{"line":753,"column":7},"end":{"line":762,"column":3}}],"line":753},"61":{"loc":{"start":{"line":753,"column":10},"end":{"line":753,"column":46}},"type":"binary-expr","locations":[{"start":{"line":753,"column":10},"end":{"line":753,"column":26}},{"start":{"line":753,"column":30},"end":{"line":753,"column":46}}],"line":753},"62":{"loc":{"start":{"line":789,"column":2},"end":{"line":806,"column":3}},"type":"if","locations":[{"start":{"line":789,"column":2},"end":{"line":806,"column":3}},{"start":{"line":789,"column":2},"end":{"line":806,"column":3}}],"line":789},"63":{"loc":{"start":{"line":792,"column":6},"end":{"line":794,"column":7}},"type":"if","locations":[{"start":{"line":792,"column":6},"end":{"line":794,"column":7}},{"start":{"line":792,"column":6},"end":{"line":794,"column":7}}],"line":792},"64":{"loc":{"start":{"line":812,"column":2},"end":{"line":844,"column":3}},"type":"if","locations":[{"start":{"line":812,"column":2},"end":{"line":844,"column":3}},{"start":{"line":812,"column":2},"end":{"line":844,"column":3}}],"line":812},"65":{"loc":{"start":{"line":827,"column":8},"end":{"line":829,"column":9}},"type":"if","locations":[{"start":{"line":827,"column":8},"end":{"line":829,"column":9}},{"start":{"line":827,"column":8},"end":{"line":829,"column":9}}],"line":827},"66":{"loc":{"start":{"line":861,"column":4},"end":{"line":863,"column":5}},"type":"if","locations":[{"start":{"line":861,"column":4},"end":{"line":863,"column":5}},{"start":{"line":861,"column":4},"end":{"line":863,"column":5}}],"line":861},"67":{"loc":{"start":{"line":881,"column":4},"end":{"line":883,"column":5}},"type":"if","locations":[{"start":{"line":881,"column":4},"end":{"line":883,"column":5}},{"start":{"line":881,"column":4},"end":{"line":883,"column":5}}],"line":881}},"s":{"0":1,"1":1,"2":1,"3":1,"4":1,"5":1,"6":1,"7":1,"8":1,"9":1,"10":1,"11":1,"12":1,"13":1,"14":1,"15":1,"16":1,"17":1,"18":0,"19":0,"20":0,"21":0,"22":0,"23":0,"24":0,"25":0,"26":0,"27":0,"28":0,"29":1,"30":0,"31":0,"32":0,"33":0,"34":0,"35":0,"36":0,"37":0,"38":0,"39":0,"40":0,"41":0,"42":0,"43":0,"44":1,"45":0,"46":0,"47":0,"48":0,"49":0,"50":0,"51":0,"52":0,"53":0,"54":0,"55":0,"56":0,"57":0,"58":0,"59":0,"60":0,"61":0,"62":0,"63":0,"64":0,"65":1,"66":0,"67":0,"68":0,"69":0,"70":0,"71":1,"72":1,"73":0,"74":0,"75":0,"76":1,"77":1,"78":0,"79":0,"80":0,"81":0,"82":0,"83":0,"84":0,"85":0,"86":0,"87":0,"88":0,"89":0,"90":0,"91":0,"92":0,"93":0,"94":0,"95":0,"96":0,"97":0,"98":0,"99":0,"100":0,"101":0,"102":0,"103":0,"104":0,"105":0,"106":0,"107":0,"108":0,"109":0,"110":0,"111":0,"112":0,"113":0,"114":0,"115":0,"116":0,"117":0,"118":0,"119":0,"120":0,"121":0,"122":0,"123":0,"124":0,"125":0,"126":0,"127":0,"128":0,"129":0,"130":0,"131":0,"132":0,"133":1,"134":0,"135":0,"136":0,"137":0,"138":0,"139":0,"140":0,"141":1,"142":0,"143":0,"144":0,"145":0,"146":0,"147":0,"148":0,"149":0,"150":0,"151":0,"152":0,"153":0,"154":0,"155":0,"156":0,"157":0,"158":0,"159":0,"160":0,"161":0,"162":0,"163":0,"164":0,"165":0,"166":1,"167":0,"168":0,"169":0,"170":0,"171":0,"172":0,"173":0,"174":0,"175":0,"176":1,"177":0,"178":0,"179":0,"180":0,"181":0,"182":0,"183":0,"184":0,"185":0,"186":0,"187":0,"188":0,"189":0,"190":0,"191":0,"192":0,"193":0,"194":0,"195":0,"196":0,"197":0,"198":0,"199":0,"200":0,"201":0,"202":0,"203":0,"204":1,"205":0,"206":0,"207":0,"208":0,"209":0,"210":0,"211":0,"212":0,"213":0,"214":0,"215":0,"216":0,"217":0,"218":0,"219":0,"220":0,"221":0,"222":0,"223":0,"224":0,"225":0,"226":0,"227":0,"228":0,"229":0,"230":0,"231":1,"232":0,"233":0,"234":0,"235":0,"236":0,"237":0,"238":0,"239":0,"240":0,"241":0,"242":0,"243":0,"244":0,"245":0,"246":0,"247":0,"248":0,"249":0,"250":0,"251":0,"252":0,"253":0,"254":0,"255":0,"256":0,"257":0,"258":0,"259":0,"260":0,"261":0,"262":0,"263":1,"264":0,"265":0,"266":0,"267":0,"268":0,"269":0,"270":0,"271":0,"272":1,"273":0,"274":0,"275":0,"276":0,"277":0,"278":0,"279":0,"280":0,"281":0,"282":0,"283":0,"284":0,"285":0,"286":1,"287":0,"288":0,"289":0,"290":0,"291":0,"292":0,"293":0,"294":0,"295":1,"296":0,"297":0,"298":0,"299":0,"300":0,"301":0,"302":0,"303":0,"304":0,"305":0,"306":0,"307":0,"308":0,"309":0,"310":0,"311":0,"312":0,"313":0,"314":0,"315":0,"316":0,"317":0,"318":0,"319":0,"320":0,"321":0,"322":0,"323":0,"324":0,"325":0,"326":0,"327":0,"328":0,"329":0,"330":0,"331":0,"332":0,"333":1,"334":0,"335":0,"336":0,"337":0,"338":0,"339":0,"340":0,"341":0,"342":0,"343":1,"344":0,"345":0,"346":0,"347":0,"348":0,"349":0,"350":0,"351":0,"352":0,"353":0,"354":0,"355":0,"356":0,"357":0,"358":0,"359":0,"360":1,"361":1,"362":0,"363":0,"364":1,"365":0,"366":0,"367":0,"368":0,"369":0,"370":0,"371":0,"372":0,"373":0,"374":0,"375":0,"376":1,"377":0,"378":0,"379":0,"380":0,"381":0,"382":0,"383":0,"384":1},"f":{"0":0,"1":0,"2":0,"3":0,"4":0,"5":0,"6":0,"7":0,"8":0,"9":0,"10":0,"11":0,"12":0,"13":0,"14":0,"15":0,"16":0,"17":0,"18":0,"19":0,"20":0,"21":0,"22":0,"23":0,"24":0,"25":0,"26":0,"27":0,"28":0,"29":0,"30":0,"31":0,"32":0,"33":0,"34":0,"35":0,"36":0,"37":0,"38":0,"39":0,"40":0,"41":0,"42":0,"43":0,"44":0,"45":0,"46":0,"47":0,"48":0,"49":0,"50":0,"51":0,"52":0,"53":0,"54":0,"55":0,"56":0,"57":0,"58":0,"59":0,"60":0,"61":0,"62":0,"63":0,"64":0,"65":0,"66":0,"67":0,"68":0,"69":0,"70":0,"71":0,"72":0,"73":0,"74":0,"75":0,"76":0,"77":0,"78":0,"79":0,"80":0},"b":{"0":[0,0],"1":[0,0],"2":[0,0],"3":[0,0],"4":[0,0,0,0],"5":[0,0],"6":[0,0],"7":[0,0],"8":[0,0],"9":[0,0],"10":[0,0],"11":[0,0],"12":[0,0],"13":[0,0],"14":[0,0],"15":[0,0],"16":[0,0],"17":[0,0],"18":[0,0],"19":[0,0],"20":[0,0],"21":[0,0],"22":[0,0],"23":[0,0],"24":[0,0],"25":[0,0],"26":[0,0],"27":[0,0],"28":[0,0],"29":[0,0],"30":[0,0],"31":[0,0],"32":[0,0],"33":[0,0],"34":[0,0],"35":[0,0],"36":[0,0],"37":[0,0],"38":[0,0],"39":[0,0],"40":[0,0],"41":[0,0],"42":[0,0],"43":[0,0],"44":[0,0],"45":[0,0],"46":[0,0],"47":[0,0],"48":[0,0],"49":[0,0],"50":[0,0],"51":[0,0],"52":[0,0],"53":[0,0],"54":[0,0],"55":[0,0],"56":[0,0],"57":[0,0],"58":[0,0],"59":[0,0],"60":[0,0],"61":[0,0],"62":[0,0],"63":[0,0],"64":[0,0],"65":[0,0],"66":[0,0],"67":[0,0]},"_coverageSchema":"43e27e138ebf9cfc5966b082cf9a028302ed4184","hash":"7c77e3af9c986c3a9cf73a08292c2f6159f9f4a6"}
}
