TN:
SF:D:\project\FinalKV\Nodejs\app.js
FN:97,(anonymous_0)
FNF:1
FNH:1
FNDA:1,(anonymous_0)
DA:1,1
DA:2,1
DA:3,1
DA:4,1
DA:5,1
DA:6,1
DA:7,1
DA:8,1
DA:12,1
DA:15,1
DA:18,1
DA:19,1
DA:22,1
DA:31,1
DA:32,1
DA:33,1
DA:36,1
DA:37,1
DA:39,1
DA:40,1
DA:41,1
DA:42,1
DA:44,1
DA:45,1
DA:50,1
DA:53,1
DA:57,1
DA:60,1
DA:61,1
DA:62,1
DA:63,1
DA:64,1
DA:65,1
DA:66,1
DA:67,1
DA:68,1
DA:69,1
DA:70,1
DA:97,1
LF:39
LH:39
BRDA:19,0,0,1
BRDA:19,0,1,0
BRDA:44,1,0,1
BRDA:44,1,1,0
BRF:4
BRH:2
end_of_record
TN:
SF:D:\project\FinalKV\Nodejs\config\checkCache.js
FN:4,(anonymous_0)
FN:11,(anonymous_1)
FNF:2
FNH:0
FNDA:0,(anonymous_0)
FNDA:0,(anonymous_1)
DA:1,1
DA:2,1
DA:4,1
DA:5,0
DA:11,0
DA:12,0
DA:13,0
DA:14,0
DA:18,0
DA:19,0
DA:20,0
DA:23,0
DA:28,1
LF:13
LH:4
BRDA:12,0,0,0
BRDA:12,0,1,0
BRDA:19,1,0,0
BRDA:19,1,1,0
BRF:4
BRH:0
end_of_record
TN:
SF:D:\project\FinalKV\Nodejs\config\createJson.js
FN:1,(anonymous_0)
FN:9,(anonymous_1)
FNF:2
FNH:0
FNDA:0,(anonymous_0)
FNDA:0,(anonymous_1)
DA:1,1
DA:7,0
DA:8,0
DA:9,0
DA:10,0
DA:11,0
DA:14,0
DA:17,1
LF:8
LH:2
BRDA:10,0,0,0
BRDA:10,0,1,0
BRDA:10,1,0,0
BRDA:10,1,1,0
BRF:4
BRH:0
end_of_record
TN:
SF:D:\project\FinalKV\Nodejs\config\email.js
FN:3,(anonymous_0)
FN:33,(anonymous_1)
FNF:2
FNH:0
FNDA:0,(anonymous_0)
FNDA:0,(anonymous_1)
DA:1,1
DA:2,1
DA:3,1
DA:6,0
DA:8,0
DA:21,0
DA:33,0
DA:34,0
DA:35,0
DA:37,0
DA:38,0
DA:39,0
DA:42,1
LF:13
LH:4
BRDA:34,0,0,0
BRDA:34,0,1,0
BRF:2
BRH:0
end_of_record
TN:
SF:D:\project\FinalKV\Nodejs\config\functions.js
FN:3,(anonymous_0)
FN:21,(anonymous_1)
FN:22,(anonymous_2)
FN:30,(anonymous_3)
FNF:4
FNH:0
FNDA:0,(anonymous_0)
FNDA:0,(anonymous_1)
FNDA:0,(anonymous_2)
FNDA:0,(anonymous_3)
DA:1,1
DA:3,1
DA:4,0
DA:5,0
DA:8,0
DA:10,0
DA:11,0
DA:13,0
DA:14,0
DA:16,0
DA:19,0
DA:21,0
DA:22,0
DA:23,0
DA:27,0
DA:30,0
DA:31,0
DA:35,0
DA:38,0
DA:39,0
DA:41,0
DA:44,0
DA:48,1
LF:23
LH:3
BRDA:5,0,0,0
BRDA:5,0,1,0
BRDA:8,1,0,0
BRDA:8,1,1,0
BRDA:11,2,0,0
BRDA:11,2,1,0
BRDA:14,3,0,0
BRDA:14,3,1,0
BRDA:23,4,0,0
BRDA:23,4,1,0
BRDA:31,5,0,0
BRDA:31,5,1,0
BRF:12
BRH:0
end_of_record
TN:
SF:D:\project\FinalKV\Nodejs\config\passport.js
FN:10,(anonymous_0)
FN:12,(anonymous_1)
FNF:2
FNH:0
FNDA:0,(anonymous_0)
FNDA:0,(anonymous_1)
DA:1,1
DA:2,1
DA:3,1
DA:5,1
DA:7,1
DA:11,0
DA:13,0
DA:14,0
DA:17,0
LF:9
LH:5
BRDA:13,0,0,0
BRDA:13,0,1,0
BRDA:13,1,0,0
BRDA:13,1,1,0
BRF:4
BRH:0
end_of_record
TN:
SF:D:\project\FinalKV\Nodejs\config\redis.js
FNF:0
FNH:0
LF:0
LH:0
BRF:0
BRH:0
end_of_record
TN:
SF:D:\project\FinalKV\Nodejs\models\Users.js
FN:35,(anonymous_0)
FN:41,(anonymous_1)
FN:47,(anonymous_2)
FN:59,(anonymous_3)
FNF:4
FNH:0
FNDA:0,(anonymous_0)
FNDA:0,(anonymous_1)
FNDA:0,(anonymous_2)
FNDA:0,(anonymous_3)
DA:1,1
DA:2,1
DA:3,1
DA:5,1
DA:7,1
DA:35,1
DA:36,0
DA:37,0
DA:41,1
DA:42,0
DA:43,0
DA:47,1
DA:48,0
DA:49,0
DA:50,0
DA:52,0
DA:59,1
DA:60,0
DA:67,1
LF:19
LH:10
BRF:0
BRH:0
end_of_record
TN:
SF:D:\project\FinalKV\Nodejs\models\achievers.js
FNF:0
FNH:0
DA:1,1
DA:2,1
DA:4,1
DA:16,1
LF:4
LH:4
BRF:0
BRH:0
end_of_record
TN:
SF:D:\project\FinalKV\Nodejs\models\activities.js
FNF:0
FNH:0
DA:1,1
DA:2,1
DA:4,1
DA:26,1
LF:4
LH:4
BRF:0
BRH:0
end_of_record
TN:
SF:D:\project\FinalKV\Nodejs\models\coachings.js
FNF:0
FNH:0
DA:1,1
DA:2,1
DA:4,1
DA:24,1
LF:4
LH:4
BRF:0
BRH:0
end_of_record
TN:
SF:D:\project\FinalKV\Nodejs\models\college.js
FNF:0
FNH:0
DA:1,1
DA:2,1
DA:4,1
DA:24,1
LF:4
LH:4
BRF:0
BRH:0
end_of_record
TN:
SF:D:\project\FinalKV\Nodejs\models\hotLinks.js
FNF:0
FNH:0
DA:1,1
DA:2,1
DA:4,1
DA:11,1
LF:4
LH:4
BRF:0
BRH:0
end_of_record
TN:
SF:D:\project\FinalKV\Nodejs\models\sharePosts.js
FNF:0
FNH:0
DA:1,1
DA:2,1
DA:3,1
DA:6,1
DA:48,1
LF:5
LH:5
BRF:0
BRH:0
end_of_record
TN:
SF:D:\project\FinalKV\Nodejs\models\slideShows.js
FNF:0
FNH:0
DA:1,1
DA:2,1
DA:4,1
DA:9,1
LF:4
LH:4
BRF:0
BRH:0
end_of_record
TN:
SF:D:\project\FinalKV\Nodejs\models\successStories.js
FNF:0
FNH:0
DA:1,1
DA:2,1
DA:4,1
DA:11,1
LF:4
LH:4
BRF:0
BRH:0
end_of_record
TN:
SF:D:\project\FinalKV\Nodejs\routes\auth.js
FN:3,(anonymous_0)
FNF:1
FNH:0
FNDA:0,(anonymous_0)
DA:1,1
DA:3,1
DA:5,0
DA:6,0
DA:7,0
DA:11,0
DA:12,0
DA:14,0
DA:17,1
DA:31,1
LF:10
LH:4
BRDA:11,0,0,0
BRDA:11,0,1,0
BRF:2
BRH:0
end_of_record
TN:
SF:D:\project\FinalKV\Nodejs\routes\index.js
FN:5,(anonymous_0)
FNF:1
FNH:0
FNDA:0,(anonymous_0)
DA:1,1
DA:2,1
DA:4,1
DA:5,1
DA:6,0
DA:8,1
LF:6
LH:5
BRF:0
BRH:0
end_of_record
TN:
SF:D:\project\FinalKV\Nodejs\routes\api\index.js
FNF:0
FNH:0
DA:1,1
DA:2,1
DA:4,1
DA:6,1
LF:4
LH:4
BRF:0
BRH:0
end_of_record
TN:
SF:D:\project\FinalKV\Nodejs\routes\api\users.js
FN:26,(anonymous_0)
FN:54,(anonymous_1)
FN:58,(anonymous_2)
FN:81,(anonymous_3)
FN:85,(anonymous_4)
FN:88,(anonymous_5)
FN:104,(anonymous_6)
FN:126,(anonymous_7)
FN:137,(anonymous_8)
FN:141,(anonymous_9)
FN:154,(anonymous_10)
FN:157,(anonymous_11)
FN:282,(anonymous_12)
FN:285,(anonymous_13)
FN:293,(anonymous_14)
FN:296,(anonymous_15)
FN:303,(anonymous_16)
FN:345,(anonymous_17)
FN:355,(anonymous_18)
FN:365,(anonymous_19)
FN:369,(anonymous_20)
FN:384,(anonymous_21)
FN:387,(anonymous_22)
FN:392,(anonymous_23)
FN:399,(anonymous_24)
FN:414,(anonymous_25)
FN:423,(anonymous_26)
FN:433,(anonymous_27)
FN:437,(anonymous_28)
FN:455,(anonymous_29)
FN:460,(anonymous_30)
FN:463,(anonymous_31)
FN:480,(anonymous_32)
FN:487,(anonymous_33)
FN:490,(anonymous_34)
FN:501,(anonymous_35)
FN:508,(anonymous_36)
FN:520,(anonymous_37)
FN:526,(anonymous_38)
FN:544,(anonymous_39)
FN:551,(anonymous_40)
FN:554,(anonymous_41)
FN:567,(anonymous_42)
FN:574,(anonymous_43)
FN:586,(anonymous_44)
FN:592,(anonymous_45)
FN:607,(anonymous_46)
FN:612,(anonymous_47)
FN:617,(anonymous_48)
FN:620,(anonymous_49)
FN:623,(anonymous_50)
FN:646,(anonymous_51)
FN:649,(anonymous_52)
FN:655,(anonymous_53)
FN:661,(anonymous_54)
FN:678,(anonymous_55)
FN:682,(anonymous_56)
FN:693,(anonymous_57)
FN:707,(anonymous_58)
FN:711,(anonymous_59)
FN:718,(anonymous_60)
FN:724,(anonymous_61)
FN:764,(anonymous_62)
FN:780,(anonymous_63)
FN:787,(anonymous_64)
FN:791,(anonymous_65)
FN:796,(anonymous_66)
FN:809,(anonymous_67)
FN:814,(anonymous_68)
FN:822,(anonymous_69)
FN:826,(anonymous_70)
FN:831,(anonymous_71)
FN:850,(anonymous_72)
FN:857,(anonymous_73)
FN:860,(anonymous_74)
FN:866,(anonymous_75)
FN:871,(anonymous_76)
FN:877,(anonymous_77)
FN:880,(anonymous_78)
FN:885,(anonymous_79)
FN:890,getContent
FNF:81
FNH:0
FNDA:0,(anonymous_0)
FNDA:0,(anonymous_1)
FNDA:0,(anonymous_2)
FNDA:0,(anonymous_3)
FNDA:0,(anonymous_4)
FNDA:0,(anonymous_5)
FNDA:0,(anonymous_6)
FNDA:0,(anonymous_7)
FNDA:0,(anonymous_8)
FNDA:0,(anonymous_9)
FNDA:0,(anonymous_10)
FNDA:0,(anonymous_11)
FNDA:0,(anonymous_12)
FNDA:0,(anonymous_13)
FNDA:0,(anonymous_14)
FNDA:0,(anonymous_15)
FNDA:0,(anonymous_16)
FNDA:0,(anonymous_17)
FNDA:0,(anonymous_18)
FNDA:0,(anonymous_19)
FNDA:0,(anonymous_20)
FNDA:0,(anonymous_21)
FNDA:0,(anonymous_22)
FNDA:0,(anonymous_23)
FNDA:0,(anonymous_24)
FNDA:0,(anonymous_25)
FNDA:0,(anonymous_26)
FNDA:0,(anonymous_27)
FNDA:0,(anonymous_28)
FNDA:0,(anonymous_29)
FNDA:0,(anonymous_30)
FNDA:0,(anonymous_31)
FNDA:0,(anonymous_32)
FNDA:0,(anonymous_33)
FNDA:0,(anonymous_34)
FNDA:0,(anonymous_35)
FNDA:0,(anonymous_36)
FNDA:0,(anonymous_37)
FNDA:0,(anonymous_38)
FNDA:0,(anonymous_39)
FNDA:0,(anonymous_40)
FNDA:0,(anonymous_41)
FNDA:0,(anonymous_42)
FNDA:0,(anonymous_43)
FNDA:0,(anonymous_44)
FNDA:0,(anonymous_45)
FNDA:0,(anonymous_46)
FNDA:0,(anonymous_47)
FNDA:0,(anonymous_48)
FNDA:0,(anonymous_49)
FNDA:0,(anonymous_50)
FNDA:0,(anonymous_51)
FNDA:0,(anonymous_52)
FNDA:0,(anonymous_53)
FNDA:0,(anonymous_54)
FNDA:0,(anonymous_55)
FNDA:0,(anonymous_56)
FNDA:0,(anonymous_57)
FNDA:0,(anonymous_58)
FNDA:0,(anonymous_59)
FNDA:0,(anonymous_60)
FNDA:0,(anonymous_61)
FNDA:0,(anonymous_62)
FNDA:0,(anonymous_63)
FNDA:0,(anonymous_64)
FNDA:0,(anonymous_65)
FNDA:0,(anonymous_66)
FNDA:0,(anonymous_67)
FNDA:0,(anonymous_68)
FNDA:0,(anonymous_69)
FNDA:0,(anonymous_70)
FNDA:0,(anonymous_71)
FNDA:0,(anonymous_72)
FNDA:0,(anonymous_73)
FNDA:0,(anonymous_74)
FNDA:0,(anonymous_75)
FNDA:0,(anonymous_76)
FNDA:0,(anonymous_77)
FNDA:0,(anonymous_78)
FNDA:0,(anonymous_79)
FNDA:0,getContent
DA:1,1
DA:2,1
DA:3,1
DA:4,1
DA:5,1
DA:6,1
DA:8,1
DA:9,1
DA:10,1
DA:11,1
DA:12,1
DA:13,1
DA:14,1
DA:15,1
DA:16,1
DA:21,1
DA:22,1
DA:26,1
DA:28,0
DA:29,0
DA:30,0
DA:31,0
DA:39,0
DA:40,0
DA:48,0
DA:49,0
DA:51,0
DA:53,0
DA:54,0
DA:58,1
DA:59,0
DA:60,0
DA:62,0
DA:64,0
DA:65,0
DA:69,0
DA:80,0
DA:81,0
DA:82,0
DA:84,0
DA:86,0
DA:89,0
DA:90,0
DA:95,0
DA:104,1
DA:106,0
DA:107,0
DA:108,0
DA:109,0
DA:117,0
DA:118,0
DA:126,0
DA:127,0
DA:128,0
DA:129,0
DA:131,0
DA:132,0
DA:133,0
DA:134,0
DA:135,0
DA:136,0
DA:139,0
DA:142,0
DA:143,0
DA:147,0
DA:154,1
DA:155,0
DA:156,0
DA:158,0
DA:159,0
DA:163,0
DA:280,1
DA:281,1
DA:283,0
DA:286,0
DA:287,0
DA:290,1
DA:293,1
DA:294,0
DA:295,0
DA:296,0
DA:297,0
DA:298,0
DA:299,0
DA:300,0
DA:302,0
DA:304,0
DA:305,0
DA:307,0
DA:308,0
DA:310,0
DA:311,0
DA:312,0
DA:313,0
DA:315,0
DA:316,0
DA:319,0
DA:320,0
DA:321,0
DA:322,0
DA:323,0
DA:324,0
DA:325,0
DA:326,0
DA:327,0
DA:328,0
DA:329,0
DA:331,0
DA:332,0
DA:333,0
DA:334,0
DA:335,0
DA:336,0
DA:338,0
DA:339,0
DA:341,0
DA:343,0
DA:344,0
DA:346,0
DA:347,0
DA:348,0
DA:349,0
DA:350,0
DA:355,0
DA:356,0
DA:357,0
DA:359,0
DA:364,0
DA:366,0
DA:367,0
DA:370,0
DA:371,0
DA:378,0
DA:384,1
DA:385,0
DA:386,0
DA:388,0
DA:389,0
DA:391,0
DA:393,0
DA:394,0
DA:399,1
DA:400,0
DA:401,0
DA:402,0
DA:407,0
DA:408,0
DA:410,0
DA:411,0
DA:413,0
DA:415,0
DA:416,0
DA:418,0
DA:419,0
DA:420,0
DA:421,0
DA:422,0
DA:423,0
DA:424,0
DA:425,0
DA:427,0
DA:432,0
DA:434,0
DA:435,0
DA:438,0
DA:439,0
DA:455,1
DA:456,0
DA:457,0
DA:458,0
DA:459,0
DA:461,0
DA:462,0
DA:464,0
DA:465,0
DA:470,0
DA:480,1
DA:481,0
DA:482,0
DA:483,0
DA:484,0
DA:485,0
DA:486,0
DA:489,0
DA:491,0
DA:492,0
DA:494,0
DA:501,0
DA:502,0
DA:503,0
DA:504,0
DA:505,0
DA:506,0
DA:507,0
DA:508,0
DA:509,0
DA:510,0
DA:512,0
DA:517,0
DA:521,0
DA:522,0
DA:527,0
DA:528,0
DA:533,0
DA:544,1
DA:545,0
DA:546,0
DA:547,0
DA:548,0
DA:549,0
DA:550,0
DA:553,0
DA:555,0
DA:556,0
DA:564,0
DA:568,0
DA:569,0
DA:570,0
DA:571,0
DA:572,0
DA:573,0
DA:574,0
DA:575,0
DA:576,0
DA:578,0
DA:583,0
DA:587,0
DA:588,0
DA:593,0
DA:594,0
DA:599,0
DA:607,1
DA:608,0
DA:609,0
DA:610,0
DA:611,0
DA:613,0
DA:614,0
DA:615,0
DA:616,0
DA:617,0
DA:618,0
DA:619,0
DA:621,0
DA:624,0
DA:625,0
DA:629,0
DA:630,0
DA:631,0
DA:632,0
DA:635,0
DA:636,0
DA:637,0
DA:638,0
DA:640,0
DA:641,0
DA:642,0
DA:643,0
DA:644,0
DA:645,0
DA:646,0
DA:650,0
DA:651,0
DA:655,1
DA:656,0
DA:657,0
DA:658,0
DA:659,0
DA:660,0
DA:662,0
DA:663,0
DA:670,0
DA:678,1
DA:679,0
DA:680,0
DA:681,0
DA:682,0
DA:683,0
DA:684,0
DA:685,0
DA:686,0
DA:689,0
DA:690,0
DA:694,0
DA:695,0
DA:700,0
DA:707,1
DA:708,0
DA:709,0
DA:710,0
DA:711,0
DA:712,0
DA:717,0
DA:719,0
DA:720,0
DA:724,1
DA:725,0
DA:727,0
DA:728,0
DA:729,0
DA:734,0
DA:735,0
DA:736,0
DA:737,0
DA:738,0
DA:739,0
DA:740,0
DA:741,0
DA:742,0
DA:743,0
DA:744,0
DA:745,0
DA:746,0
DA:747,0
DA:748,0
DA:749,0
DA:750,0
DA:751,0
DA:753,0
DA:754,0
DA:755,0
DA:756,0
DA:757,0
DA:758,0
DA:759,0
DA:760,0
DA:761,0
DA:763,0
DA:764,0
DA:772,0
DA:779,0
DA:781,0
DA:782,0
DA:787,1
DA:788,0
DA:789,0
DA:790,0
DA:792,0
DA:793,0
DA:795,0
DA:797,0
DA:798,0
DA:802,0
DA:809,1
DA:810,0
DA:811,0
DA:812,0
DA:813,0
DA:814,0
DA:815,0
DA:817,0
DA:818,0
DA:824,0
DA:825,0
DA:827,0
DA:828,0
DA:830,0
DA:832,0
DA:833,0
DA:840,0
DA:847,1
DA:850,1
DA:851,0
DA:852,0
DA:857,1
DA:858,0
DA:859,0
DA:861,0
DA:862,0
DA:864,0
DA:865,0
DA:866,0
DA:867,0
DA:868,0
DA:872,0
DA:873,0
DA:877,1
DA:878,0
DA:879,0
DA:881,0
DA:882,0
DA:884,0
DA:886,0
DA:887,0
DA:894,1
LF:385
LH:42
BRDA:30,0,0,0
BRDA:30,0,1,0
BRDA:39,1,0,0
BRDA:39,1,1,0
BRDA:60,2,0,0
BRDA:60,2,1,0
BRDA:64,3,0,0
BRDA:64,3,1,0
BRDA:64,4,0,0
BRDA:64,4,1,0
BRDA:64,4,2,0
BRDA:64,4,3,0
BRDA:74,5,0,0
BRDA:74,5,1,0
BRDA:75,6,0,0
BRDA:75,6,1,0
BRDA:76,7,0,0
BRDA:76,7,1,0
BRDA:77,8,0,0
BRDA:77,8,1,0
BRDA:78,9,0,0
BRDA:78,9,1,0
BRDA:108,10,0,0
BRDA:108,10,1,0
BRDA:117,11,0,0
BRDA:117,11,1,0
BRDA:127,12,0,0
BRDA:127,12,1,0
BRDA:131,13,0,0
BRDA:131,13,1,0
BRDA:158,14,0,0
BRDA:158,14,1,0
BRDA:295,15,0,0
BRDA:295,15,1,0
BRDA:297,16,0,0
BRDA:297,16,1,0
BRDA:299,17,0,0
BRDA:299,17,1,0
BRDA:304,18,0,0
BRDA:304,18,1,0
BRDA:312,19,0,0
BRDA:312,19,1,0
BRDA:315,20,0,0
BRDA:315,20,1,0
BRDA:321,21,0,0
BRDA:321,21,1,0
BRDA:322,22,0,0
BRDA:322,22,1,0
BRDA:325,23,0,0
BRDA:325,23,1,0
BRDA:326,24,0,0
BRDA:326,24,1,0
BRDA:327,25,0,0
BRDA:327,25,1,0
BRDA:328,26,0,0
BRDA:328,26,1,0
BRDA:331,27,0,0
BRDA:331,27,1,0
BRDA:331,28,0,0
BRDA:331,28,1,0
BRDA:332,29,0,0
BRDA:332,29,1,0
BRDA:334,30,0,0
BRDA:334,30,1,0
BRDA:334,31,0,0
BRDA:334,31,1,0
BRDA:335,32,0,0
BRDA:335,32,1,0
BRDA:338,33,0,0
BRDA:338,33,1,0
BRDA:356,34,0,0
BRDA:356,34,1,0
BRDA:388,35,0,0
BRDA:388,35,1,0
BRDA:407,36,0,0
BRDA:407,36,1,0
BRDA:407,37,0,0
BRDA:407,37,1,0
BRDA:410,38,0,0
BRDA:410,38,1,0
BRDA:410,39,0,0
BRDA:410,39,1,0
BRDA:415,40,0,0
BRDA:415,40,1,0
BRDA:424,41,0,0
BRDA:424,41,1,0
BRDA:458,42,0,0
BRDA:458,42,1,0
BRDA:485,43,0,0
BRDA:485,43,1,0
BRDA:491,44,0,0
BRDA:491,44,1,0
BRDA:499,45,0,0
BRDA:499,45,1,0
BRDA:509,46,0,0
BRDA:509,46,1,0
BRDA:549,47,0,0
BRDA:549,47,1,0
BRDA:555,48,0,0
BRDA:555,48,1,0
BRDA:575,49,0,0
BRDA:575,49,1,0
BRDA:614,50,0,0
BRDA:614,50,1,0
BRDA:635,51,0,0
BRDA:635,51,1,0
BRDA:636,52,0,0
BRDA:636,52,1,0
BRDA:641,53,0,0
BRDA:641,53,1,0
BRDA:659,54,0,0
BRDA:659,54,1,0
BRDA:681,55,0,0
BRDA:681,55,1,0
BRDA:684,56,0,0
BRDA:684,56,1,0
BRDA:727,57,0,0
BRDA:727,57,1,0
BRDA:734,58,0,0
BRDA:734,58,1,0
BRDA:743,59,0,0
BRDA:743,59,1,0
BRDA:753,60,0,0
BRDA:753,60,1,0
BRDA:753,61,0,0
BRDA:753,61,1,0
BRDA:789,62,0,0
BRDA:789,62,1,0
BRDA:792,63,0,0
BRDA:792,63,1,0
BRDA:812,64,0,0
BRDA:812,64,1,0
BRDA:827,65,0,0
BRDA:827,65,1,0
BRDA:861,66,0,0
BRDA:861,66,1,0
BRDA:881,67,0,0
BRDA:881,67,1,0
BRF:138
BRH:0
end_of_record
